#
# A fatal error has been detected by the Java Runtime Environment:
#
#  SIGSEGV (0xb) at pc=0xb4a0028f, pid=4133, tid=2337659760
#
# JRE version: 6.0_23-b23
# Java VM: OpenJDK Server VM (20.0-b11 mixed mode linux-x86 )
# Derivative: IcedTea6 1.11pre
# Distribution: Ubuntu 11.10, package 6b23~pre11-0ubuntu1.11.10.2
# Problematic frame:
# J  scala.tools.nsc.symtab.Types$TypeRef.baseType(Lscala/tools/nsc/symtab/Symbols$Symbol;)Lscala/tools/nsc/symtab/Types$Type;
#
# If you would like to submit a bug report, please include
# instructions how to reproduce the bug and visit:
#   https://bugs.launchpad.net/ubuntu/+source/openjdk-6/
#

---------------  T H R E A D  ---------------

Current thread (0x09435400):  JavaThread "pool-5-thread-3" [_thread_in_Java, id=4363, stack(0x8b50d000,0x8b55e000)]

siginfo:si_signo=SIGSEGV: si_errno=0, si_code=128 (), si_addr=0x00000000

Registers:
EAX=0x8e3a7ac8, EBX=0x95ab8db0, ECX=0x96140d28, EDX=0x95edca88
ESP=0x8b557880, EBP=0x95ff7400, ESI=0xab11c458, EDI=0x00000000
EIP=0xb4a0028f, EFLAGS=0x00210202, CR2=0xb7713000

Top of Stack: (sp=0x8b557880)
0x8b557880:   00000000 00000000 96072cf8 b46b4523
0x8b557890:   96072ca8 96072cf8 95edca88 9608ced8
0x8b5578a0:   ab11c5b0 8b5578a4 8e020c0d 8b557a4c
0x8b5578b0:   8e02ae78 8e79ccf8 8e021488 00000000
0x8b5578c0:   8b557a50 95ab8db0 b498e840 00000000
0x8b5578d0:   00000000 00000000 96072cf8 b486e120
0x8b5578e0:   00000000 00000000 00000000 00000000
0x8b5578f0:   00000000 00000000 8b557930 b46b4047 

Instructions: (pc=0xb4a0028f)
0xb4a0026f:   81 fb 28 2a 01 8e 0f 85 6f 1c 00 00 8b e9 8b 5d
0xb4a0027f:   38 8b 8b 08 01 00 00 8b 41 04 81 f8 00 fd 0e 8e
0xb4a0028f:   0f 85 14 12 00 00 0f b6 41 1d 8b 7d 20 85 c0 0f
0xb4a0029f:   85 53 32 00 00 8b 5c 24 10 8b 4b 04 8b ec c1 ed 

Register to memory mapping:

EAX=0x8e3a7ac8 is an oop
{instance class} 
 - klass: {other class}
EBX=0x95ab8db0 is an oop
xsbt.CompilerInterface$compiler$2$ 
 - klass: 'xsbt/CompilerInterface$compiler$2$'
ECX=0x96140d28 is an oop
scala.tools.nsc.typechecker.Analyzer$namerFactory$$anon$1 
 - klass: 'scala/tools/nsc/typechecker/Analyzer$namerFactory$$anon$1'
EDX=0x95edca88 is an oop
scala.tools.nsc.symtab.Types$UniqueThisType 
 - klass: 'scala/tools/nsc/symtab/Types$UniqueThisType'
ESP=0x8b557880 is pointing into the stack for thread: 0x09435400
EBP=0x95ff7400 is an oop
scala.tools.nsc.symtab.Symbols$ClassSymbol 
 - klass: 'scala/tools/nsc/symtab/Symbols$ClassSymbol'
ESI=0xab11c458 is an oop
scala.tools.nsc.symtab.Types$UniqueTypeRef 
 - klass: 'scala/tools/nsc/symtab/Types$UniqueTypeRef'
EDI=0x00000000 is an unknown value


Stack: [0x8b50d000,0x8b55e000],  sp=0x8b557880,  free space=298k
Native frames: (J=compiled Java code, j=interpreted, Vv=VM code, C=native code)
J  scala.tools.nsc.symtab.Types$TypeRef.baseType(Lscala/tools/nsc/symtab/Symbols$Symbol;)Lscala/tools/nsc/symtab/Types$Type;


---------------  P R O C E S S  ---------------

Java Threads: ( => current thread )
  0x09317c00 JavaThread "pool-5-thread-4" [_thread_blocked, id=4364, stack(0x8b5af000,0x8b600000)]
=>0x09435400 JavaThread "pool-5-thread-3" [_thread_in_Java, id=4363, stack(0x8b50d000,0x8b55e000)]
  0x093b4c00 JavaThread "pool-5-thread-2" [_thread_blocked, id=4362, stack(0x8b727000,0x8b778000)]
  0x093b8400 JavaThread "pool-5-thread-1" [_thread_blocked, id=4361, stack(0x8b55e000,0x8b5af000)]
  0x8c002c00 JavaThread "Low Memory Detector" daemon [_thread_blocked, id=4145, stack(0x8b9e9000,0x8ba3a000)]
  0x8c001000 JavaThread "C2 CompilerThread1" daemon [_thread_in_native, id=4144, stack(0x8ba3a000,0x8babb000)]
  0x08f84400 JavaThread "C2 CompilerThread0" daemon [_thread_in_vm, id=4143, stack(0x8babb000,0x8bb3c000)]
  0x08f83000 JavaThread "Signal Dispatcher" daemon [_thread_blocked, id=4142, stack(0x8bb3c000,0x8bb8d000)]
  0x08f73400 JavaThread "Finalizer" daemon [_thread_blocked, id=4141, stack(0x8bdce000,0x8be1f000)]
  0x08f6e800 JavaThread "Reference Handler" daemon [_thread_blocked, id=4140, stack(0x8be1f000,0x8be70000)]
  0x08ec3000 JavaThread "main" [_thread_blocked, id=4134, stack(0xb76b1000,0xb7702000)]

Other Threads:
  0x08f6a800 VMThread [stack: 0x8c10c000,0x8c18d000] [id=4139]
  0x8c004c00 WatcherThread [stack: 0x8b968000,0x8b9e9000] [id=4146]

VM state:not at safepoint (normal execution)

VM Mutex/Monitor currently owned by a thread: None

Heap
 PSYoungGen      total 77760K, used 22700K [0xa9b50000, 0xb23e0000, 0xb45f0000)
  eden space 64512K, 35% used [0xa9b50000,0xab17b0f0,0xada50000)
  from space 13248K, 0% used [0xada50000,0xada50000,0xae740000)
  to   space 18304K, 0% used [0xb1200000,0xb1200000,0xb23e0000)
 PSOldGen        total 52032K, used 32256K [0x945f0000, 0x978c0000, 0xa9b50000)
  object space 52032K, 61% used [0x945f0000,0x96570000,0x978c0000)
 PSPermGen       total 69632K, used 35741K [0x8c5f0000, 0x909f0000, 0x945f0000)
  object space 69632K, 51% used [0x8c5f0000,0x8e8d7500,0x909f0000)

Code Cache  [0xb46b1000, 0xb4a21000, 0xb76b1000)
 total_blobs=1257 nmethods=1113 adapters=96 free_code_cache=46892480 largest_free_block=31296

Dynamic libraries:
00110000-0012c000 r-xp 00000000 08:02 28574650   /lib/i386-linux-gnu/libgcc_s.so.1
0012c000-0012d000 r--p 0001b000 08:02 28574650   /lib/i386-linux-gnu/libgcc_s.so.1
0012d000-0012e000 rw-p 0001c000 08:02 28574650   /lib/i386-linux-gnu/libgcc_s.so.1
001f7000-001fe000 r-xp 00000000 08:02 28577640   /lib/i386-linux-gnu/librt-2.13.so
001fe000-001ff000 r--p 00006000 08:02 28577640   /lib/i386-linux-gnu/librt-2.13.so
001ff000-00200000 rw-p 00007000 08:02 28577640   /lib/i386-linux-gnu/librt-2.13.so
00223000-0023a000 r-xp 00000000 08:02 28574759   /lib/i386-linux-gnu/libpthread-2.13.so
0023a000-0023b000 r--p 00016000 08:02 28574759   /lib/i386-linux-gnu/libpthread-2.13.so
0023b000-0023c000 rw-p 00017000 08:02 28574759   /lib/i386-linux-gnu/libpthread-2.13.so
0023c000-0023e000 rw-p 00000000 00:00 0 
0023e000-003b6000 r-xp 00000000 08:02 28573845   /lib/i386-linux-gnu/libc-2.13.so
003b6000-003b8000 r--p 00178000 08:02 28573845   /lib/i386-linux-gnu/libc-2.13.so
003b8000-003b9000 rw-p 0017a000 08:02 28573845   /lib/i386-linux-gnu/libc-2.13.so
003b9000-003bc000 rw-p 00000000 00:00 0 
003db000-003f0000 r-xp 00000000 08:02 25695402   /usr/lib/jvm/java-6-openjdk/jre/lib/i386/libnet.so
003f0000-003f1000 r--p 00014000 08:02 25695402   /usr/lib/jvm/java-6-openjdk/jre/lib/i386/libnet.so
003f1000-003f2000 rw-p 00015000 08:02 25695402   /usr/lib/jvm/java-6-openjdk/jre/lib/i386/libnet.so
00438000-0043c000 r-xp 00000000 08:02 25694797   /usr/lib/jvm/java-6-openjdk/jre/lib/i386/jli/libjli.so
0043c000-0043d000 r--p 00003000 08:02 25694797   /usr/lib/jvm/java-6-openjdk/jre/lib/i386/jli/libjli.so
0043d000-0043e000 rw-p 00004000 08:02 25694797   /usr/lib/jvm/java-6-openjdk/jre/lib/i386/jli/libjli.so
00473000-0047b000 r-xp 00000000 08:02 25695413   /usr/lib/jvm/java-6-openjdk/jre/lib/i386/libnio.so
0047b000-0047c000 r--p 00007000 08:02 25695413   /usr/lib/jvm/java-6-openjdk/jre/lib/i386/libnio.so
0047c000-0047d000 rw-p 00008000 08:02 25695413   /usr/lib/jvm/java-6-openjdk/jre/lib/i386/libnio.so
004df000-004e0000 r-xp 00000000 00:00 0          [vdso]
00576000-00579000 r-xp 00000000 08:02 28573848   /lib/i386-linux-gnu/libdl-2.13.so
00579000-0057a000 r--p 00002000 08:02 28573848   /lib/i386-linux-gnu/libdl-2.13.so
0057a000-0057b000 rw-p 00003000 08:02 28573848   /lib/i386-linux-gnu/libdl-2.13.so
0061e000-00625000 r-xp 00000000 08:02 25695507   /usr/lib/jvm/java-6-openjdk/jre/lib/i386/libzip.so
00625000-00626000 r--p 00006000 08:02 25695507   /usr/lib/jvm/java-6-openjdk/jre/lib/i386/libzip.so
00626000-00627000 rw-p 00007000 08:02 25695507   /usr/lib/jvm/java-6-openjdk/jre/lib/i386/libzip.so
00758000-00762000 r-xp 00000000 08:02 28574701   /lib/i386-linux-gnu/libnss_nis-2.13.so
00762000-00763000 r--p 00009000 08:02 28574701   /lib/i386-linux-gnu/libnss_nis-2.13.so
00763000-00764000 rw-p 0000a000 08:02 28574701   /lib/i386-linux-gnu/libnss_nis-2.13.so
007a8000-007b3000 r-xp 00000000 08:02 28573854   /lib/i386-linux-gnu/libnss_files-2.13.so
007b3000-007b4000 r--p 0000a000 08:02 28573854   /lib/i386-linux-gnu/libnss_files-2.13.so
007b4000-007b5000 rw-p 0000b000 08:02 28573854   /lib/i386-linux-gnu/libnss_files-2.13.so
007e5000-007ed000 r-xp 00000000 08:02 28573852   /lib/i386-linux-gnu/libnss_compat-2.13.so
007ed000-007ee000 r--p 00007000 08:02 28573852   /lib/i386-linux-gnu/libnss_compat-2.13.so
007ee000-007ef000 rw-p 00008000 08:02 28573852   /lib/i386-linux-gnu/libnss_compat-2.13.so
00874000-0089c000 r-xp 00000000 08:02 28573849   /lib/i386-linux-gnu/libm-2.13.so
0089c000-0089d000 r--p 00028000 08:02 28573849   /lib/i386-linux-gnu/libm-2.13.so
0089d000-0089e000 rw-p 00029000 08:02 28573849   /lib/i386-linux-gnu/libm-2.13.so
009bd000-00a9b000 r-xp 00000000 08:02 25695611   /usr/lib/i386-linux-gnu/libstdc++.so.6.0.16
00a9b000-00a9c000 ---p 000de000 08:02 25695611   /usr/lib/i386-linux-gnu/libstdc++.so.6.0.16
00a9c000-00aa0000 r--p 000de000 08:02 25695611   /usr/lib/i386-linux-gnu/libstdc++.so.6.0.16
00aa0000-00aa1000 rw-p 000e2000 08:02 25695611   /usr/lib/i386-linux-gnu/libstdc++.so.6.0.16
00aa1000-00aa8000 rw-p 00000000 00:00 0 
00b25000-00b30000 r-xp 00000000 08:02 25695488   /usr/lib/jvm/java-6-openjdk/jre/lib/i386/libverify.so
00b30000-00b31000 ---p 0000b000 08:02 25695488   /usr/lib/jvm/java-6-openjdk/jre/lib/i386/libverify.so
00b31000-00b32000 r--p 0000b000 08:02 25695488   /usr/lib/jvm/java-6-openjdk/jre/lib/i386/libverify.so
00b32000-00b33000 rw-p 0000c000 08:02 25695488   /usr/lib/jvm/java-6-openjdk/jre/lib/i386/libverify.so
00ca7000-00ccd000 r-xp 00000000 08:02 25694820   /usr/lib/jvm/java-6-openjdk/jre/lib/i386/libjava.so
00ccd000-00cce000 r--p 00025000 08:02 25694820   /usr/lib/jvm/java-6-openjdk/jre/lib/i386/libjava.so
00cce000-00cd0000 rw-p 00026000 08:02 25694820   /usr/lib/jvm/java-6-openjdk/jre/lib/i386/libjava.so
00e79000-00e8c000 r-xp 00000000 08:02 28574712   /lib/i386-linux-gnu/libz.so.1.2.3.4
00e8c000-00e8d000 r--p 00012000 08:02 28574712   /lib/i386-linux-gnu/libz.so.1.2.3.4
00e8d000-00e8e000 rw-p 00013000 08:02 28574712   /lib/i386-linux-gnu/libz.so.1.2.3.4
00e91000-00ea6000 r-xp 00000000 08:02 28573851   /lib/i386-linux-gnu/libnsl-2.13.so
00ea6000-00ea7000 r--p 00015000 08:02 28573851   /lib/i386-linux-gnu/libnsl-2.13.so
00ea7000-00ea8000 rw-p 00016000 08:02 28573851   /lib/i386-linux-gnu/libnsl-2.13.so
00ea8000-00eaa000 rw-p 00000000 00:00 0 
00f31000-00f4f000 r-xp 00000000 08:02 28573842   /lib/i386-linux-gnu/ld-2.13.so
00f4f000-00f50000 r--p 0001d000 08:02 28573842   /lib/i386-linux-gnu/ld-2.13.so
00f50000-00f51000 rw-p 0001e000 08:02 28573842   /lib/i386-linux-gnu/ld-2.13.so
00f51000-0176f000 r-xp 00000000 08:02 25695520   /usr/lib/jvm/java-6-openjdk/jre/lib/i386/server/libjvm.so
0176f000-017b4000 r--p 0081e000 08:02 25695520   /usr/lib/jvm/java-6-openjdk/jre/lib/i386/server/libjvm.so
017b4000-017c3000 rw-p 00863000 08:02 25695520   /usr/lib/jvm/java-6-openjdk/jre/lib/i386/server/libjvm.so
017c3000-01bdd000 rw-p 00000000 00:00 0 
08048000-08051000 r-xp 00000000 08:02 25697513   /usr/lib/jvm/java-6-openjdk/jre/bin/java
08051000-08052000 r--p 00008000 08:02 25697513   /usr/lib/jvm/java-6-openjdk/jre/bin/java
08052000-08053000 rw-p 00009000 08:02 25697513   /usr/lib/jvm/java-6-openjdk/jre/bin/java
08ebc000-095e3000 rw-p 00000000 00:00 0          [heap]
88300000-883e7000 rw-p 00000000 00:00 0 
883e7000-88400000 ---p 00000000 00:00 0 
88600000-886ed000 rw-p 00000000 00:00 0 
886ed000-88700000 ---p 00000000 00:00 0 
88700000-887f5000 rw-p 00000000 00:00 0 
887f5000-88800000 ---p 00000000 00:00 0 
88800000-888dd000 rw-p 00000000 00:00 0 
888dd000-88900000 ---p 00000000 00:00 0 
88900000-889f5000 rw-p 00000000 00:00 0 
889f5000-88a00000 ---p 00000000 00:00 0 
88a00000-88afb000 rw-p 00000000 00:00 0 
88afb000-88b00000 ---p 00000000 00:00 0 
88b00000-88bed000 rw-p 00000000 00:00 0 
88bed000-88c00000 ---p 00000000 00:00 0 
88c00000-88cf0000 rw-p 00000000 00:00 0 
88cf0000-88d00000 ---p 00000000 00:00 0 
88d00000-88de2000 rw-p 00000000 00:00 0 
88de2000-88e00000 ---p 00000000 00:00 0 
88e00000-88efd000 rw-p 00000000 00:00 0 
88efd000-88f00000 ---p 00000000 00:00 0 
88f00000-88ff1000 rw-p 00000000 00:00 0 
88ff1000-89000000 ---p 00000000 00:00 0 
89000000-89100000 rw-p 00000000 00:00 0 
89100000-891fb000 rw-p 00000000 00:00 0 
891fb000-89200000 ---p 00000000 00:00 0 
89200000-89300000 rw-p 00000000 00:00 0 
89300000-89400000 rw-p 00000000 00:00 0 
89500000-895f4000 rw-p 00000000 00:00 0 
895f4000-89600000 ---p 00000000 00:00 0 
89600000-896fe000 rw-p 00000000 00:00 0 
896fe000-89700000 ---p 00000000 00:00 0 
89700000-897f8000 rw-p 00000000 00:00 0 
897f8000-89800000 ---p 00000000 00:00 0 
89800000-898fc000 rw-p 00000000 00:00 0 
898fc000-89900000 ---p 00000000 00:00 0 
89900000-899e5000 rw-p 00000000 00:00 0 
899e5000-89a00000 ---p 00000000 00:00 0 
89a00000-89afe000 rw-p 00000000 00:00 0 
89afe000-89b00000 ---p 00000000 00:00 0 
89b00000-89bff000 rw-p 00000000 00:00 0 
89bff000-89c00000 ---p 00000000 00:00 0 
89d00000-89df9000 rw-p 00000000 00:00 0 
89df9000-89e00000 ---p 00000000 00:00 0 
89e00000-89f00000 rw-p 00000000 00:00 0 
89f00000-8a0f8000 rw-p 00000000 00:00 0 
8a0f8000-8a100000 ---p 00000000 00:00 0 
8a100000-8a2db000 rw-p 00000000 00:00 0 
8a2db000-8a300000 ---p 00000000 00:00 0 
8a300000-8a400000 rw-p 00000000 00:00 0 
8a400000-8a500000 rw-p 00000000 00:00 0 
8a500000-8a5fa000 rw-p 00000000 00:00 0 
8a5fa000-8a600000 ---p 00000000 00:00 0 
8a700000-8a7fe000 rw-p 00000000 00:00 0 
8a7fe000-8a800000 ---p 00000000 00:00 0 
8a900000-8a9fb000 rw-p 00000000 00:00 0 
8a9fb000-8aa00000 ---p 00000000 00:00 0 
8aa32000-8aa5b000 r--s 0026c000 08:02 26611328   /root/.ivy2/cache/org.scalatest/scalatest_2.9.0/jars/scalatest_2.9.0-1.6.1.jar
8aa5b000-8aa5c000 r--s 00004000 08:02 26743576   /root/.ivy2/cache/beanstalk/beanstalk_client/jars/beanstalk_client-1.4.5.jar
8aa5c000-8aa5d000 r--s 00002000 08:02 26744218   /root/.ivy2/cache/se.scalablesolutions.akka/akka-beanstalk-mailbox/jars/akka-beanstalk-mailbox-1.2-RC6.jar
8aa5d000-8aa61000 r--s 0001f000 08:02 26744217   /root/.ivy2/cache/se.scalablesolutions.akka/akka-file-mailbox/jars/akka-file-mailbox-1.2-RC6.jar
8aa61000-8aa63000 r--s 0000d000 08:02 26744216   /root/.ivy2/cache/se.scalablesolutions.akka/akka-mailboxes-common/jars/akka-mailboxes-common-1.2-RC6.jar
8aa63000-8aa6c000 r--s 0006d000 08:02 26743547   /root/.ivy2/cache/log4j/log4j/bundles/log4j-1.2.16.jar
8aa6c000-8aa6d000 r--s 00002000 08:02 26743543   /root/.ivy2/cache/org.slf4j/slf4j-log4j12/jars/slf4j-log4j12-1.5.8.jar
8aa6d000-8aa70000 r--s 00016000 08:02 26743539   /root/.ivy2/cache/commons-pool/commons-pool/jars/commons-pool-1.5.5.jar
8aa70000-8aa76000 r--s 00034000 08:02 26611448   /root/.ivy2/cache/junit/junit/jars/junit-4.8.1.jar
8aa76000-8aa7f000 r--s 00059000 08:02 26743535   /root/.ivy2/cache/net.debasishg/redisclient_2.9.0/jars/redisclient_2.9.0-2.3.1.jar
8aa7f000-8aa80000 r--s 00003000 08:02 26744215   /root/.ivy2/cache/se.scalablesolutions.akka/akka-redis-mailbox/jars/akka-redis-mailbox-1.2-RC6.jar
8aa81000-8aa82000 r--s 00001000 08:02 26743502   /root/.ivy2/cache/javax.annotation/jsr250-api/jars/jsr250-api-1.0.jar
8aa82000-8aa84000 r--s 0000a000 08:02 26743506   /root/.ivy2/cache/javax.ws.rs/jsr311-api/jars/jsr311-api-1.1.jar
8aa84000-8aa88000 r--s 00025000 08:02 26744210   /root/.ivy2/cache/se.scalablesolutions.akka/akka-http/jars/akka-http-1.2-RC6.jar
8aa88000-8aa8a000 r--s 00005000 08:02 26743994   /root/.ivy2/cache/org.slf4j/slf4j-api/jars/slf4j-api-1.6.0.jar
8aa8a000-8aa8c000 r--s 00001000 08:02 26744208   /root/.ivy2/cache/se.scalablesolutions.akka/akka-slf4j/jars/akka-slf4j-1.2-RC6.jar
8aa8c000-8aa9c000 r--s 000b7000 08:02 26743498   /root/.ivy2/cache/org.multiverse/multiverse-alpha/jars/multiverse-alpha-0.6.2.jar
8aa9c000-8aa9e000 r--s 00021000 08:02 26744212   /root/.ivy2/cache/se.scalablesolutions.akka/akka-stm/jars/akka-stm-1.2-RC6.jar
8aa9e000-8aac1000 r--s 001a9000 08:02 26743489   /root/.ivy2/cache/org.codehaus.aspectwerkz/aspectwerkz/jars/aspectwerkz-2.2.3.jar
8aac1000-8aac3000 r--s 00000000 08:02 26743493   /root/.ivy2/cache/aopalliance/aopalliance/jars/aopalliance-1.0.jar
8aac3000-8aac6000 r--s 00017000 08:02 26744209   /root/.ivy2/cache/se.scalablesolutions.akka/akka-typed-actor/jars/akka-typed-actor-1.2-RC6.jar
8aac6000-8aac8000 r--s 00007000 08:02 26743484   /root/.ivy2/cache/org.objenesis/objenesis/jars/objenesis-1.2.jar
8aac8000-8aacb000 r--s 00016000 08:02 26743480   /root/.ivy2/cache/net.databinder/dispatch-json_2.9.0/jars/dispatch-json_2.9.0-0.8.1.jar
8aacb000-8aacf000 r--s 0002a000 08:02 26743460   /root/.ivy2/cache/net.debasishg/sjson_2.9.0/jars/sjson_2.9.0-0.11.jar
8aacf000-8aad3000 r--s 00034000 08:02 26743456   /root/.ivy2/cache/org.codehaus.jackson/jackson-core-asl/jars/jackson-core-asl-1.8.0.jar
8aad3000-8aadf000 r--s 00097000 08:02 26743468   /root/.ivy2/cache/org.codehaus.jackson/jackson-mapper-asl/jars/jackson-mapper-asl-1.8.0.jar
8aadf000-8aae1000 r--s 0000d000 08:02 26611446   /root/.ivy2/cache/commons-codec/commons-codec/jars/commons-codec-1.4.jar
8aae1000-8aaf1000 r--s 000b2000 08:02 26744214   /root/.ivy2/cache/org.jboss.netty/netty/bundles/netty-3.2.5.Final.jar
8aaf1000-8ab00000 r--s 00095000 08:02 26611445   /root/.ivy2/cache/org.guiceyfruit/guice-all/jars/guice-all-2.0.jar
8ab00000-8abf9000 rw-p 00000000 00:00 0 
8abf9000-8ac00000 ---p 00000000 00:00 0 
8ac01000-8ac04000 r--s 00024000 08:02 26743472   /root/.ivy2/cache/commons-io/commons-io/jars/commons-io-2.0.1.jar
8ac04000-8ac0a000 r--s 00068000 08:02 26743476   /root/.ivy2/cache/com.google.protobuf/protobuf-java/jars/protobuf-java-2.4.1.jar
8ac0a000-8ac11000 r--s 00055000 08:02 26744207   /root/.ivy2/cache/se.scalablesolutions.akka/akka-remote/jars/akka-remote-1.2-RC6.jar
8ac11000-8ac24000 r--s 000ff000 08:02 26744213   /root/.ivy2/cache/se.scalablesolutions.akka/akka-actor/jars/akka-actor-1.2-RC6.jar
8ac24000-8ac27000 r--s 00016000 08:02 26744206   /root/.ivy2/cache/se.scalablesolutions.akka/akka-testkit/jars/akka-testkit-1.2-RC6.jar
8acd9000-8acdb000 r--s 00001000 08:02 25694265   /usr/lib/jvm/java-6-openjdk/jre/lib/ext/dnsns.jar
8acdb000-8acdf000 r--s 00038000 08:02 25694264   /usr/lib/jvm/java-6-openjdk/jre/lib/ext/sunpkcs11.jar
8acdf000-8ace2000 r--s 00077000 08:02 25694266   /usr/lib/jvm/java-6-openjdk/jre/lib/ext/localedata.jar
8ace2000-8ace5000 r--s 00031000 08:02 25694267   /usr/lib/jvm/java-6-openjdk/jre/lib/ext/sunjce_provider.jar
8ace5000-8acf2000 r--s 00107000 08:02 25694479   /usr/lib/jvm/java-6-openjdk/jre/lib/rhino.jar
8acf2000-8ad00000 r--s 00351000 08:02 25694214   /usr/lib/jvm/java-6-openjdk/jre/lib/charsets.jar
8ad00000-8addc000 rw-p 00000000 00:00 0 
8addc000-8ae00000 ---p 00000000 00:00 0 
8ae00000-8aeff000 rw-p 00000000 00:00 0 
8aeff000-8af00000 ---p 00000000 00:00 0 
8af00000-8afef000 rw-p 00000000 00:00 0 
8afef000-8b000000 ---p 00000000 00:00 0 
8b000000-8b0f6000 rw-p 00000000 00:00 0 
8b0f6000-8b100000 ---p 00000000 00:00 0 
8b100000-8b1ff000 rw-p 00000000 00:00 0 
8b1ff000-8b200000 ---p 00000000 00:00 0 
8b200000-8b2f4000 rw-p 00000000 00:00 0 
8b2f4000-8b300000 ---p 00000000 00:00 0 
8b300000-8b3c8000 rw-p 00000000 00:00 0 
8b3c8000-8b400000 ---p 00000000 00:00 0 
8b400000-8b4fa000 rw-p 00000000 00:00 0 
8b4fa000-8b500000 ---p 00000000 00:00 0 
8b501000-8b503000 r--s 00003000 08:02 26743464   /root/.ivy2/cache/voldemort.store.compress/h2-lzf/jars/h2-lzf-1.0.jar
8b503000-8b50a000 r--s 000fb000 08:02 25694478   /usr/lib/jvm/java-6-openjdk/jre/lib/resources.jar
8b50a000-8b50d000 r--s 0001d000 08:02 27141455   /root/.sbt/boot/scala-2.9.1/org.scala-tools.sbt/sbt/0.11.0/compiler-interface-bin_2.9.1.final/compiler-interface-bin-0.11.0.jar
8b50d000-8b510000 ---p 00000000 00:00 0 
8b510000-8b55e000 rw-p 00000000 00:00 0 
8b55e000-8b561000 ---p 00000000 00:00 0 
8b561000-8b5af000 rw-p 00000000 00:00 0 
8b5af000-8b5b2000 ---p 00000000 00:00 0 
8b5b2000-8b600000 rw-p 00000000 00:00 0 
8b600000-8b700000 rw-p 00000000 00:00 0 
8b700000-8b702000 r--s 00013000 08:02 25694472   /usr/lib/jvm/java-6-openjdk/jre/lib/jce.jar
8b702000-8b725000 r--s 00197000 08:02 27141508   /root/.ivy2/cache/org.scalariform/scalariform_2.9.0/jars/scalariform_2.9.0-0.1.0.jar
8b725000-8b727000 r--s 00004000 08:02 27141506   /root/.ivy2/cache/scala_2.9.1/sbt_0.11.0/com.typesafe.sbtscalariform/sbt-scalariform/jars/sbt-scalariform-0.1.4.jar
8b727000-8b72a000 ---p 00000000 00:00 0 
8b72a000-8b778000 rw-p 00000000 00:00 0 
8b778000-8b77a000 r--s 00007000 08:02 27141457   /root/.sbt/boot/scala-2.9.1/org.scala-tools.sbt/sbt/0.11.0/xsbti/interface-0.11.0.jar
8b77a000-8b77c000 r--s 00010000 08:02 27141488   /root/.sbt/boot/scala-2.9.1/org.scala-tools.sbt/sbt/0.11.0/testing_2.9.1-0.11.0.jar
8b77c000-8b77f000 r--s 00019000 08:02 27141478   /root/.sbt/boot/scala-2.9.1/org.scala-tools.sbt/sbt/0.11.0/persist_2.9.1-0.11.0.jar
8b77f000-8b782000 r--s 0001a000 08:02 27141450   /root/.sbt/boot/scala-2.9.1/org.scala-tools.sbt/sbt/0.11.0/compile_2.9.1-0.11.0.jar
8b782000-8b784000 r--s 00004000 08:02 27141489   /root/.sbt/boot/scala-2.9.1/org.scala-tools.sbt/sbt/0.11.0/discovery_2.9.1-0.11.0.jar
8b784000-8b786000 r--s 00014000 08:02 27141462   /root/.sbt/boot/scala-2.9.1/org.scala-tools.sbt/sbt/0.11.0/run_2.9.1-0.11.0.jar
8b786000-8b78c000 r--s 00040000 08:02 27141453   /root/.sbt/boot/scala-2.9.1/org.scala-tools.sbt/sbt/0.11.0/completion_2.9.1-0.11.0.jar
8b78c000-8b792000 r--s 00038000 08:02 27141468   /root/.sbt/boot/scala-2.9.1/org.scala-tools.sbt/sbt/0.11.0/io_2.9.1-0.11.0.jar
8b792000-8b793000 r--s 00003000 08:02 27141463   /root/.sbt/boot/scala-2.9.1/org.scala-tools.sbt/sbt/0.11.0/sbt_2.9.1-0.11.0.jar
8b793000-8b796000 r--s 00027000 08:02 27141465   /root/.sbt/boot/scala-2.9.1/org.scala-tools.sbt/sbt/0.11.0/jsch-0.1.31.jar
8b796000-8b7a5000 r--s 000d9000 08:02 27141486   /root/.sbt/boot/scala-2.9.1/org.scala-tools.sbt/sbt/0.11.0/ivy-2.2.0.jar
8b7a5000-8b7c0000 r--s 0016d000 08:02 27141483   /root/.sbt/boot/scala-2.9.1/org.scala-tools.sbt/sbt/0.11.0/main_2.9.1-0.11.0.jar
8b7c0000-8b7c6000 r--s 00045000 08:02 27141487   /root/.sbt/boot/scala-2.9.1/org.scala-tools.sbt/sbt/0.11.0/commons-httpclient-3.1.jar
8b7c6000-8b7c9000 r--s 0001b000 08:02 27141485   /root/.sbt/boot/scala-2.9.1/org.scala-tools.sbt/sbt/0.11.0/task-system_2.9.1-0.11.0.jar
8b7c9000-8b7d2000 r--s 00078000 08:02 27141460   /root/.sbt/boot/scala-2.9.1/org.scala-tools.sbt/sbt/0.11.0/ivy_2.9.1-0.11.0.jar
8b7d2000-8b7d4000 r--s 00006000 08:02 27141477   /root/.sbt/boot/scala-2.9.1/org.scala-tools.sbt/sbt/0.11.0/commons-codec-1.2.jar
8b7d4000-8b7da000 r--s 0003a000 08:02 27141476   /root/.sbt/boot/scala-2.9.1/org.scala-tools.sbt/sbt/0.11.0/actions_2.9.1-0.11.0.jar
8b7da000-8b7db000 r--s 00001000 08:02 27141449   /root/.sbt/boot/scala-2.9.1/org.scala-tools.sbt/sbt/0.11.0/launcher-interface_2.9.1-0.11.0.jar
8b7db000-8b7de000 r--s 0000f000 08:02 27141452   /root/.sbt/boot/scala-2.9.1/org.scala-tools.sbt/sbt/0.11.0/logging_2.9.1-0.11.0.jar
8b7de000-8b7e0000 r--s 00014000 08:02 27141461   /root/.sbt/boot/scala-2.9.1/org.scala-tools.sbt/sbt/0.11.0/jline-0.9.94.jar
8b7e0000-8b7e2000 r--s 00008000 08:02 27141475   /root/.sbt/boot/scala-2.9.1/org.scala-tools.sbt/sbt/0.11.0/commons-logging-1.0.4.jar
8b7e2000-8b7e5000 r--s 00022000 08:02 27141474   /root/.sbt/boot/scala-2.9.1/org.scala-tools.sbt/sbt/0.11.0/sbinary_2.9.0-0.4.0.jar
8b7e5000-8b7e9000 r--s 00021000 08:02 27141473   /root/.sbt/boot/scala-2.9.1/org.scala-tools.sbt/sbt/0.11.0/incremental-compiler_2.9.1-0.11.0.jar
8b7e9000-8b7ec000 r--s 00019000 08:02 27141491   /root/.sbt/boot/scala-2.9.1/org.scala-tools.sbt/sbt/0.11.0/cache_2.9.1-0.11.0.jar
8b7ec000-8b7ef000 r--s 00016000 08:02 27141464   /root/.sbt/boot/scala-2.9.1/org.scala-tools.sbt/sbt/0.11.0/tasks_2.9.1-0.11.0.jar
8b7ef000-8b7f1000 r--s 00009000 08:02 27141458   /root/.sbt/boot/scala-2.9.1/org.scala-tools.sbt/sbt/0.11.0/tracking_2.9.1-0.11.0.jar
8b7f1000-8b7f3000 r--s 00000000 08:02 27141472   /root/.sbt/boot/scala-2.9.1/org.scala-tools.sbt/sbt/0.11.0/test-interface-0.5.jar
8b7f3000-8b7f6000 r--s 00012000 08:02 27141490   /root/.sbt/boot/scala-2.9.1/org.scala-tools.sbt/sbt/0.11.0/classpath_2.9.1-0.11.0.jar
8b7f6000-8b7fb000 r--s 0003c000 08:02 27141484   /root/.sbt/boot/scala-2.9.1/org.scala-tools.sbt/sbt/0.11.0/collections_2.9.1-0.11.0.jar
8b7fb000-8b7fc000 r--s 00002000 08:02 27141459   /root/.sbt/boot/scala-2.9.1/org.scala-tools.sbt/sbt/0.11.0/control_2.9.1-0.11.0.jar
8b7fc000-8b7ff000 r--s 00012000 08:02 27141492   /root/.sbt/boot/scala-2.9.1/org.scala-tools.sbt/sbt/0.11.0/classfile_2.9.1-0.11.0.jar
8b7ff000-8b802000 r--s 00019000 08:02 27141451   /root/.sbt/boot/scala-2.9.1/org.scala-tools.sbt/sbt/0.11.0/process_2.9.1-0.11.0.jar
8b802000-8b809000 r--s 00046000 08:02 27141469   /root/.sbt/boot/scala-2.9.1/org.scala-tools.sbt/sbt/0.11.0/api_2.9.1-0.11.0.jar
8b809000-8b80c000 r--s 00018000 08:02 27140692   /root/.sbt/boot/scala-2.9.1/lib/jansi.jar
8b80c000-8b80f000 r--s 00024000 08:02 27140695   /root/.sbt/boot/scala-2.9.1/lib/jline.jar
8b80f000-8b88c000 r--s 007f2000 08:02 27140693   /root/.sbt/boot/scala-2.9.1/lib/scala-library.jar
8b88c000-8b952000 r--s 00a04000 08:02 27140694   /root/.sbt/boot/scala-2.9.1/lib/scala-compiler.jar
8b952000-8b968000 r--s 000e8000 08:02 26479306   /bin/sbt-launch.jar
8b968000-8b969000 ---p 00000000 00:00 0 
8b969000-8b9e9000 rw-p 00000000 00:00 0 
8b9e9000-8b9ec000 ---p 00000000 00:00 0 
8b9ec000-8ba3a000 rw-p 00000000 00:00 0 
8ba3a000-8ba3d000 ---p 00000000 00:00 0 
8ba3d000-8babb000 rw-p 00000000 00:00 0 
8babb000-8babe000 ---p 00000000 00:00 0 
8babe000-8bb3c000 rw-p 00000000 00:00 0 
8bb3c000-8bb3f000 ---p 00000000 00:00 0 
8bb3f000-8bb8d000 rw-p 00000000 00:00 0 
8bb8d000-8bb8e000 r--p 0043a000 08:02 25696810   /usr/lib/locale/locale-archive
8bb8e000-8bbce000 r--p 002bd000 08:02 25696810   /usr/lib/locale/locale-archive
8bbce000-8bdce000 r--p 00000000 08:02 25696810   /usr/lib/locale/locale-archive
8bdce000-8bdd1000 ---p 00000000 00:00 0 
8bdd1000-8be1f000 rw-p 00000000 00:00 0 
8be1f000-8be22000 ---p 00000000 00:00 0 
8be22000-8be70000 rw-p 00000000 00:00 0 
8be70000-8c000000 r--s 037ba000 08:02 25694492   /usr/lib/jvm/java-6-openjdk/jre/lib/rt.jar
8c000000-8c100000 rw-p 00000000 00:00 0 
8c101000-8c104000 r--s 000cf000 08:02 27140689   /root/.sbt/boot/other/net.java.dev.jna/jna/3.2.3/jna-3.2.3.jar
8c104000-8c10c000 r--s 00066000 08:02 26223259   /usr/share/java/gnome-java-bridge.jar
8c10c000-8c10d000 ---p 00000000 00:00 0 
8c10d000-8c1c0000 rw-p 00000000 00:00 0 
8c1c0000-8c1c1000 ---p 00000000 00:00 0 
8c1c1000-8c241000 rw-p 00000000 00:00 0 
8c241000-8c242000 ---p 00000000 00:00 0 
8c242000-8c2c2000 rw-p 00000000 00:00 0 
8c2c2000-8c2c3000 ---p 00000000 00:00 0 
8c2c3000-8c343000 rw-p 00000000 00:00 0 
8c343000-8c344000 ---p 00000000 00:00 0 
8c344000-8c3e6000 rw-p 00000000 00:00 0 
8c3e6000-8c404000 rw-p 00000000 00:00 0 
8c404000-8c41e000 rw-p 00000000 00:00 0 
8c41e000-8c4af000 rw-p 00000000 00:00 0 
8c4af000-8c4d1000 rw-p 00000000 00:00 0 
8c4d1000-8c4ef000 rw-p 00000000 00:00 0 
8c4ef000-8c509000 rw-p 00000000 00:00 0 
8c509000-8c599000 rw-p 00000000 00:00 0 
8c599000-8c5de000 rw-p 00000000 00:00 0 
8c5de000-8c5ef000 rw-p 00000000 00:00 0 
8c5ef000-909f0000 rw-p 00000000 00:00 0 
909f0000-945f0000 rw-p 00000000 00:00 0 
945f0000-978c0000 rw-p 00000000 00:00 0 
978c0000-a9b50000 rw-p 00000000 00:00 0 
a9b50000-b23e0000 rw-p 00000000 00:00 0 
b23e0000-b45f0000 rw-p 00000000 00:00 0 
b45f1000-b45ff000 rw-p 00000000 00:00 0 
b45ff000-b46b1000 rw-p 00000000 00:00 0 
b46b1000-b4a21000 rwxp 00000000 00:00 0 
b4a21000-b76b1000 rw-p 00000000 00:00 0 
b76b1000-b76b4000 ---p 00000000 00:00 0 
b76b4000-b7705000 rw-p 00000000 00:00 0 
b7705000-b7708000 r--s 0007d000 08:02 25694473   /usr/lib/jvm/java-6-openjdk/jre/lib/jsse.jar
b7708000-b770a000 r--s 0000f000 08:02 25694270   /usr/lib/jvm/java-6-openjdk/jre/lib/ext/pulse-java.jar
b770a000-b7712000 rw-s 00000000 08:02 2359331    /tmp/hsperfdata_root/4133
b7712000-b7713000 rw-p 00000000 00:00 0 
b7713000-b7714000 r--p 00000000 00:00 0 
b7714000-b7716000 rw-p 00000000 00:00 0 
bfc88000-bfcbe000 rw-p 00000000 00:00 0          [stack]

VM Arguments:
jvm_args: -Xmx512M 
java_command: /bin/sbt-launch.jar
Launcher Type: SUN_STANDARD

Environment Variables:
PATH=/usr/local/sbin:/usr/local/bin:/usr/sbin:/usr/bin:/sbin:/bin:/usr/X11R6/bin
USERNAME=root
LD_LIBRARY_PATH=/usr/lib/jvm/java-6-openjdk/jre/lib/i386/server:/usr/lib/jvm/java-6-openjdk/jre/lib/i386:/usr/lib/jvm/java-6-openjdk/jre/../lib/i386
SHELL=/bin/bash
DISPLAY=:0

Signal Handlers:
SIGSEGV: [libjvm.so+0x66a530], sa_mask[0]=0x7ffbfeff, sa_flags=0x10000004
SIGBUS: [libjvm.so+0x66a530], sa_mask[0]=0x7ffbfeff, sa_flags=0x10000004
SIGFPE: [libjvm.so+0x52e2c0], sa_mask[0]=0x7ffbfeff, sa_flags=0x10000004
SIGPIPE: [libjvm.so+0x52e2c0], sa_mask[0]=0x7ffbfeff, sa_flags=0x10000004
SIGXFSZ: [libjvm.so+0x52e2c0], sa_mask[0]=0x7ffbfeff, sa_flags=0x10000004
SIGILL: [libjvm.so+0x52e2c0], sa_mask[0]=0x7ffbfeff, sa_flags=0x10000004
SIGUSR1: SIG_DFL, sa_mask[0]=0x00000000, sa_flags=0x00000000
SIGUSR2: [libjvm.so+0x52e150], sa_mask[0]=0x00000000, sa_flags=0x10000004
SIGHUP: [libjvm.so+0x5311f0], sa_mask[0]=0x7ffbfeff, sa_flags=0x10000004
SIGINT: [libjvm.so+0x5311f0], sa_mask[0]=0x7ffbfeff, sa_flags=0x10000004
SIGTERM: [libjvm.so+0x5311f0], sa_mask[0]=0x7ffbfeff, sa_flags=0x10000004
SIGQUIT: [libjvm.so+0x5311f0], sa_mask[0]=0x7ffbfeff, sa_flags=0x10000004


---------------  S Y S T E M  ---------------

OS:Ubuntu 11.10 (oneiric)
uname:Linux 3.0.0-17-generic #30-Ubuntu SMP Thu Mar 8 17:34:21 UTC 2012 i686
libc:glibc 2.13 NPTL 2.13 
rlimit: STACK 8192k, CORE 0k, NPROC 24023, NOFILE 4096, AS infinity
load average:0.22 0.13 0.12

/proc/meminfo:
MemTotal:        3089052 kB
MemFree:          184412 kB
Buffers:          100988 kB
Cached:          1104324 kB
SwapCached:         1408 kB
Active:          1846540 kB
Inactive:         924000 kB
Active(anon):    1415880 kB
Inactive(anon):   503040 kB
Active(file):     430660 kB
Inactive(file):   420960 kB
Unevictable:          16 kB
Mlocked:              16 kB
HighTotal:       2226888 kB
HighFree:          37420 kB
LowTotal:         862164 kB
LowFree:          146992 kB
SwapTotal:      19530748 kB
SwapFree:       19517792 kB
Dirty:               504 kB
Writeback:             0 kB
AnonPages:       1564028 kB
Mapped:           163744 kB
Shmem:            353500 kB
Slab:              83884 kB
SReclaimable:      69964 kB
SUnreclaim:        13920 kB
KernelStack:        3400 kB
PageTables:        10276 kB
NFS_Unstable:          0 kB
Bounce:                0 kB
WritebackTmp:          0 kB
CommitLimit:    21075272 kB
Committed_AS:    4192308 kB
VmallocTotal:     122880 kB
VmallocUsed:       30864 kB
VmallocChunk:      69876 kB
HardwareCorrupted:     0 kB
AnonHugePages:         0 kB
HugePages_Total:       0
HugePages_Free:        0
HugePages_Rsvd:        0
HugePages_Surp:        0
Hugepagesize:       4096 kB
DirectMap4k:       16376 kB
DirectMap4M:      892928 kB


CPU:total 4 (4 cores per cpu, 1 threads per core) family 6 model 15 stepping 11, cmov, cx8, fxsr, mmx, sse, sse2, sse3, ssse3

Memory: 4k page, physical 3089052k(184412k free), swap 19530748k(19517792k free)

vm_info: OpenJDK Server VM (20.0-b11) for linux-x86 JRE (1.6.0_23-b23), built on Feb 23 2012 06:26:43 by "buildd" with gcc 4.6.1

time: Fri Apr  6 11:35:01 2012
elapsed time: 508 seconds

