#
# A fatal error has been detected by the Java Runtime Environment:
#
#  SIGSEGV (0xb) at pc=0xb4a129d0, pid=5858, tid=3077978992
#
# JRE version: 6.0_23-b23
# Java VM: OpenJDK Server VM (20.0-b11 mixed mode linux-x86 )
# Derivative: IcedTea6 1.11pre
# Distribution: Ubuntu 11.10, package 6b23~pre11-0ubuntu1.11.10.2
# Problematic frame:
# J  scala.tools.nsc.symtab.Types$TypeMap.mapOver(Lscala/tools/nsc/symtab/Types$Type;)Lscala/tools/nsc/symtab/Types$Type;
#
# If you would like to submit a bug report, please include
# instructions how to reproduce the bug and visit:
#   https://bugs.launchpad.net/ubuntu/+source/openjdk-6/
#

---------------  T H R E A D  ---------------

Current thread (0x08a7d000):  JavaThread "main" [_thread_in_Java, id=5859, stack(0xb7713000,0xb7764000)]

siginfo:si_signo=SIGSEGV: si_errno=0, si_code=128 (), si_addr=0x00000000

Registers:
EAX=0x00000000, EBX=0xaa70a778, ECX=0x8d3b4220, EDX=0x8daca8a8
ESP=0xb7760370, EBP=0x00000000, ESI=0xb7760438, EDI=0x8d3b4220
EIP=0xb4a129d0, EFLAGS=0x00010217, CR2=0x00000004

Top of Stack: (sp=0xb7760370)
0xb7760370:   00000004 08a7d78c 08a7d000 08a7d000
0xb7760380:   953fb7a8 aa70a778 00000024 08a7d000
0xb7760390:   94a4b250 b7760418 0140cff4 08a7d780
0xb77603a0:   ffffffff 00000004 00e1a854 08a7d780
0xb77603b0:   ffffffff 00000004 08a7d000 08a7d780
0xb77603c0:   017603eb 08a7d788 08a7d78c 00000000
0xb77603d0:   00000000 ffffffff 08a7d790 00000002
0xb77603e0:   00000026 0000000c b7760460 b48c2904 

Instructions: (pc=0xb4a129d0)
0xb4a129b0:   fc fd ff ff b9 80 61 b4 8c 66 90 e8 20 7f d4 ff
0xb4a129c0:   8b d0 e9 10 fe ff ff 8b 53 04 81 fd e8 35 5a 8d
0xb4a129d0:   0f 85 27 07 00 00 81 ff 48 f0 bf 8d 0f 85 b3 1f
0xb4a129e0:   00 00 8b 5c 24 10 8b 43 14 8b 7b 18 81 fa 18 92 

Register to memory mapping:

EAX=0x00000000 is an unknown value
EBX=0xaa70a778 is an oop
scala.tools.nsc.symtab.Types$SubstSymMap 
 - klass: 'scala/tools/nsc/symtab/Types$SubstSymMap'
ECX=0x8d3b4220 is an oop
{instance class} 
 - klass: {other class}
EDX=0x8daca8a8 is an oop
{instance class} 
 - klass: {other class}
ESP=0xb7760370 is pointing into the stack for thread: 0x08a7d000
EBP=0x00000000 is an unknown value
ESI=0xb7760438 is pointing into the stack for thread: 0x08a7d000
EDI=0x8d3b4220 is an oop
{instance class} 
 - klass: {other class}


Stack: [0xb7713000,0xb7764000],  sp=0xb7760370,  free space=308k
Native frames: (J=compiled Java code, j=interpreted, Vv=VM code, C=native code)
J  scala.tools.nsc.symtab.Types$TypeMap.mapOver(Lscala/tools/nsc/symtab/Types$Type;)Lscala/tools/nsc/symtab/Types$Type;

[error occurred during error reporting (printing native stack), id 0xb]


---------------  P R O C E S S  ---------------

Java Threads: ( => current thread )
  0x8c1b5800 JavaThread "Low Memory Detector" daemon [_thread_blocked, id=5870, stack(0x8ba35000,0x8ba86000)]
  0x8c1b3800 JavaThread "C2 CompilerThread1" daemon [_thread_in_vm, id=5869, stack(0x8ba86000,0x8bb07000)]
  0x8c1b1800 JavaThread "C2 CompilerThread0" daemon [_thread_in_native, id=5868, stack(0x8bb07000,0x8bb88000)]
  0x8c1b0000 JavaThread "Signal Dispatcher" daemon [_thread_blocked, id=5867, stack(0x8bb88000,0x8bbd9000)]
  0x8c1a0800 JavaThread "Finalizer" daemon [_thread_blocked, id=5866, stack(0x8be1a000,0x8be6b000)]
  0x8c19f000 JavaThread "Reference Handler" daemon [_thread_blocked, id=5865, stack(0x8be6b000,0x8bebc000)]
=>0x08a7d000 JavaThread "main" [_thread_in_Java, id=5859, stack(0xb7713000,0xb7764000)]

Other Threads:
  0x8c19b000 VMThread [stack: 0x8bebc000,0x8bf3d000] [id=5864]
  0x8c1b7800 WatcherThread [stack: 0x8b9b4000,0x8ba35000] [id=5871]

VM state:not at safepoint (normal execution)

VM Mutex/Monitor currently owned by a thread: None

Heap
 PSYoungGen      total 129664K, used 23081K [0xa9bb0000, 0xb4650000, 0xb4650000)
  eden space 119040K, 10% used [0xa9bb0000,0xaa7dd938,0xb0ff0000)
  from space 10624K, 99% used [0xb0ff0000,0xb1a4cd80,0xb1a50000)
  to   space 12672K, 0% used [0xb39f0000,0xb39f0000,0xb4650000)
 PSOldGen        total 32256K, used 19744K [0x94650000, 0x965d0000, 0xa9bb0000)
  object space 32256K, 61% used [0x94650000,0x959980d0,0x965d0000)
 PSPermGen       total 24064K, used 24058K [0x8c650000, 0x8ddd0000, 0x94650000)
  object space 24064K, 99% used [0x8c650000,0x8ddcea60,0x8ddd0000)

Code Cache  [0xb4713000, 0xb4a3b000, 0xb7713000)
 total_blobs=940 nmethods=806 adapters=87 free_code_cache=47264704 largest_free_block=116608

Dynamic libraries:
00110000-00288000 r-xp 00000000 08:02 28573845   /lib/i386-linux-gnu/libc-2.13.so
00288000-0028a000 r--p 00178000 08:02 28573845   /lib/i386-linux-gnu/libc-2.13.so
0028a000-0028b000 rw-p 0017a000 08:02 28573845   /lib/i386-linux-gnu/libc-2.13.so
0028b000-0028e000 rw-p 00000000 00:00 0 
0028e000-002a1000 r-xp 00000000 08:02 28574712   /lib/i386-linux-gnu/libz.so.1.2.3.4
002a1000-002a2000 r--p 00012000 08:02 28574712   /lib/i386-linux-gnu/libz.so.1.2.3.4
002a2000-002a3000 rw-p 00013000 08:02 28574712   /lib/i386-linux-gnu/libz.so.1.2.3.4
002a3000-002ae000 r-xp 00000000 08:02 25695488   /usr/lib/jvm/java-6-openjdk/jre/lib/i386/libverify.so
002ae000-002af000 ---p 0000b000 08:02 25695488   /usr/lib/jvm/java-6-openjdk/jre/lib/i386/libverify.so
002af000-002b0000 r--p 0000b000 08:02 25695488   /usr/lib/jvm/java-6-openjdk/jre/lib/i386/libverify.so
002b0000-002b1000 rw-p 0000c000 08:02 25695488   /usr/lib/jvm/java-6-openjdk/jre/lib/i386/libverify.so
002b1000-002b8000 r-xp 00000000 08:02 25695507   /usr/lib/jvm/java-6-openjdk/jre/lib/i386/libzip.so
002b8000-002b9000 r--p 00006000 08:02 25695507   /usr/lib/jvm/java-6-openjdk/jre/lib/i386/libzip.so
002b9000-002ba000 rw-p 00007000 08:02 25695507   /usr/lib/jvm/java-6-openjdk/jre/lib/i386/libzip.so
002ba000-002be000 r-xp 00000000 08:02 25694797   /usr/lib/jvm/java-6-openjdk/jre/lib/i386/jli/libjli.so
002be000-002bf000 r--p 00003000 08:02 25694797   /usr/lib/jvm/java-6-openjdk/jre/lib/i386/jli/libjli.so
002bf000-002c0000 rw-p 00004000 08:02 25694797   /usr/lib/jvm/java-6-openjdk/jre/lib/i386/jli/libjli.so
002c0000-002c8000 r-xp 00000000 08:02 28573852   /lib/i386-linux-gnu/libnss_compat-2.13.so
002c8000-002c9000 r--p 00007000 08:02 28573852   /lib/i386-linux-gnu/libnss_compat-2.13.so
002c9000-002ca000 rw-p 00008000 08:02 28573852   /lib/i386-linux-gnu/libnss_compat-2.13.so
002ca000-002d5000 r-xp 00000000 08:02 28573854   /lib/i386-linux-gnu/libnss_files-2.13.so
002d5000-002d6000 r--p 0000a000 08:02 28573854   /lib/i386-linux-gnu/libnss_files-2.13.so
002d6000-002d7000 rw-p 0000b000 08:02 28573854   /lib/i386-linux-gnu/libnss_files-2.13.so
002d7000-002df000 r-xp 00000000 08:02 25695413   /usr/lib/jvm/java-6-openjdk/jre/lib/i386/libnio.so
002df000-002e0000 r--p 00007000 08:02 25695413   /usr/lib/jvm/java-6-openjdk/jre/lib/i386/libnio.so
002e0000-002e1000 rw-p 00008000 08:02 25695413   /usr/lib/jvm/java-6-openjdk/jre/lib/i386/libnio.so
003a7000-003c3000 r-xp 00000000 08:02 28574650   /lib/i386-linux-gnu/libgcc_s.so.1
003c3000-003c4000 r--p 0001b000 08:02 28574650   /lib/i386-linux-gnu/libgcc_s.so.1
003c4000-003c5000 rw-p 0001c000 08:02 28574650   /lib/i386-linux-gnu/libgcc_s.so.1
003d2000-003dc000 r-xp 00000000 08:02 28574701   /lib/i386-linux-gnu/libnss_nis-2.13.so
003dc000-003dd000 r--p 00009000 08:02 28574701   /lib/i386-linux-gnu/libnss_nis-2.13.so
003dd000-003de000 rw-p 0000a000 08:02 28574701   /lib/i386-linux-gnu/libnss_nis-2.13.so
00430000-00458000 r-xp 00000000 08:02 28573849   /lib/i386-linux-gnu/libm-2.13.so
00458000-00459000 r--p 00028000 08:02 28573849   /lib/i386-linux-gnu/libm-2.13.so
00459000-0045a000 rw-p 00029000 08:02 28573849   /lib/i386-linux-gnu/libm-2.13.so
004a6000-004bb000 r-xp 00000000 08:02 28573851   /lib/i386-linux-gnu/libnsl-2.13.so
004bb000-004bc000 r--p 00015000 08:02 28573851   /lib/i386-linux-gnu/libnsl-2.13.so
004bc000-004bd000 rw-p 00016000 08:02 28573851   /lib/i386-linux-gnu/libnsl-2.13.so
004bd000-004bf000 rw-p 00000000 00:00 0 
005c6000-005db000 r-xp 00000000 08:02 25695402   /usr/lib/jvm/java-6-openjdk/jre/lib/i386/libnet.so
005db000-005dc000 r--p 00014000 08:02 25695402   /usr/lib/jvm/java-6-openjdk/jre/lib/i386/libnet.so
005dc000-005dd000 rw-p 00015000 08:02 25695402   /usr/lib/jvm/java-6-openjdk/jre/lib/i386/libnet.so
0065d000-0065e000 r-xp 00000000 00:00 0          [vdso]
0069c000-0077a000 r-xp 00000000 08:02 25695611   /usr/lib/i386-linux-gnu/libstdc++.so.6.0.16
0077a000-0077b000 ---p 000de000 08:02 25695611   /usr/lib/i386-linux-gnu/libstdc++.so.6.0.16
0077b000-0077f000 r--p 000de000 08:02 25695611   /usr/lib/i386-linux-gnu/libstdc++.so.6.0.16
0077f000-00780000 rw-p 000e2000 08:02 25695611   /usr/lib/i386-linux-gnu/libstdc++.so.6.0.16
00780000-00787000 rw-p 00000000 00:00 0 
00833000-0083a000 r-xp 00000000 08:02 28577640   /lib/i386-linux-gnu/librt-2.13.so
0083a000-0083b000 r--p 00006000 08:02 28577640   /lib/i386-linux-gnu/librt-2.13.so
0083b000-0083c000 rw-p 00007000 08:02 28577640   /lib/i386-linux-gnu/librt-2.13.so
009a8000-009bf000 r-xp 00000000 08:02 28574759   /lib/i386-linux-gnu/libpthread-2.13.so
009bf000-009c0000 r--p 00016000 08:02 28574759   /lib/i386-linux-gnu/libpthread-2.13.so
009c0000-009c1000 rw-p 00017000 08:02 28574759   /lib/i386-linux-gnu/libpthread-2.13.so
009c1000-009c3000 rw-p 00000000 00:00 0 
00b22000-00b25000 r-xp 00000000 08:02 28573848   /lib/i386-linux-gnu/libdl-2.13.so
00b25000-00b26000 r--p 00002000 08:02 28573848   /lib/i386-linux-gnu/libdl-2.13.so
00b26000-00b27000 rw-p 00003000 08:02 28573848   /lib/i386-linux-gnu/libdl-2.13.so
00b3c000-00b62000 r-xp 00000000 08:02 25694820   /usr/lib/jvm/java-6-openjdk/jre/lib/i386/libjava.so
00b62000-00b63000 r--p 00025000 08:02 25694820   /usr/lib/jvm/java-6-openjdk/jre/lib/i386/libjava.so
00b63000-00b65000 rw-p 00026000 08:02 25694820   /usr/lib/jvm/java-6-openjdk/jre/lib/i386/libjava.so
00b8a000-00ba8000 r-xp 00000000 08:02 28573842   /lib/i386-linux-gnu/ld-2.13.so
00ba8000-00ba9000 r--p 0001d000 08:02 28573842   /lib/i386-linux-gnu/ld-2.13.so
00ba9000-00baa000 rw-p 0001e000 08:02 28573842   /lib/i386-linux-gnu/ld-2.13.so
00baa000-013c8000 r-xp 00000000 08:02 25695520   /usr/lib/jvm/java-6-openjdk/jre/lib/i386/server/libjvm.so
013c8000-0140d000 r--p 0081e000 08:02 25695520   /usr/lib/jvm/java-6-openjdk/jre/lib/i386/server/libjvm.so
0140d000-0141c000 rw-p 00863000 08:02 25695520   /usr/lib/jvm/java-6-openjdk/jre/lib/i386/server/libjvm.so
0141c000-01836000 rw-p 00000000 00:00 0 
08048000-08051000 r-xp 00000000 08:02 25697513   /usr/lib/jvm/java-6-openjdk/jre/bin/java
08051000-08052000 r--p 00008000 08:02 25697513   /usr/lib/jvm/java-6-openjdk/jre/bin/java
08052000-08053000 rw-p 00009000 08:02 25697513   /usr/lib/jvm/java-6-openjdk/jre/bin/java
08a76000-09598000 rw-p 00000000 00:00 0          [heap]
87e00000-87f3b000 rw-p 00000000 00:00 0 
87f3b000-88000000 ---p 00000000 00:00 0 
88000000-880f3000 rw-p 00000000 00:00 0 
880f3000-88100000 ---p 00000000 00:00 0 
88200000-88400000 rw-p 00000000 00:00 0 
88400000-884fa000 rw-p 00000000 00:00 0 
884fa000-88500000 ---p 00000000 00:00 0 
88600000-886fa000 rw-p 00000000 00:00 0 
886fa000-88700000 ---p 00000000 00:00 0 
88800000-888fa000 rw-p 00000000 00:00 0 
888fa000-88900000 ---p 00000000 00:00 0 
88900000-889ee000 rw-p 00000000 00:00 0 
889ee000-88a00000 ---p 00000000 00:00 0 
88a00000-88ae6000 rw-p 00000000 00:00 0 
88ae6000-88b00000 ---p 00000000 00:00 0 
88b00000-88bfa000 rw-p 00000000 00:00 0 
88bfa000-88c00000 ---p 00000000 00:00 0 
88c00000-88de8000 rw-p 00000000 00:00 0 
88de8000-88e00000 ---p 00000000 00:00 0 
88e00000-89000000 rw-p 00000000 00:00 0 
89000000-890f8000 rw-p 00000000 00:00 0 
890f8000-89100000 ---p 00000000 00:00 0 
89100000-89200000 rw-p 00000000 00:00 0 
89200000-89400000 rw-p 00000000 00:00 0 
89400000-894fd000 rw-p 00000000 00:00 0 
894fd000-89500000 ---p 00000000 00:00 0 
89500000-89600000 rw-p 00000000 00:00 0 
89600000-89700000 rw-p 00000000 00:00 0 
89700000-89800000 rw-p 00000000 00:00 0 
89800000-89900000 rw-p 00000000 00:00 0 
89900000-89a00000 rw-p 00000000 00:00 0 
89a00000-89b00000 rw-p 00000000 00:00 0 
89b00000-89c00000 rw-p 00000000 00:00 0 
89c00000-89d00000 rw-p 00000000 00:00 0 
89d00000-89e00000 rw-p 00000000 00:00 0 
89e00000-89efc000 rw-p 00000000 00:00 0 
89efc000-89f00000 ---p 00000000 00:00 0 
89f00000-89fff000 rw-p 00000000 00:00 0 
89fff000-8a000000 ---p 00000000 00:00 0 
8a000000-8a0fd000 rw-p 00000000 00:00 0 
8a0fd000-8a100000 ---p 00000000 00:00 0 
8a100000-8a1f7000 rw-p 00000000 00:00 0 
8a1f7000-8a200000 ---p 00000000 00:00 0 
8a200000-8a2ff000 rw-p 00000000 00:00 0 
8a2ff000-8a300000 ---p 00000000 00:00 0 
8a300000-8a3ff000 rw-p 00000000 00:00 0 
8a3ff000-8a400000 ---p 00000000 00:00 0 
8a400000-8a4e0000 rw-p 00000000 00:00 0 
8a4e0000-8a500000 ---p 00000000 00:00 0 
8a500000-8a5fd000 rw-p 00000000 00:00 0 
8a5fd000-8a600000 ---p 00000000 00:00 0 
8a600000-8a6fe000 rw-p 00000000 00:00 0 
8a6fe000-8a700000 ---p 00000000 00:00 0 
8a700000-8a7fd000 rw-p 00000000 00:00 0 
8a7fd000-8a800000 ---p 00000000 00:00 0 
8a800000-8aa00000 rw-p 00000000 00:00 0 
8aa00000-8abfd000 rw-p 00000000 00:00 0 
8abfd000-8ac00000 ---p 00000000 00:00 0 
8ac00000-8ae00000 rw-p 00000000 00:00 0 
8ae00000-8aefa000 rw-p 00000000 00:00 0 
8aefa000-8af00000 ---p 00000000 00:00 0 
8af00000-8b000000 rw-p 00000000 00:00 0 
8b000000-8b0f9000 rw-p 00000000 00:00 0 
8b0f9000-8b100000 ---p 00000000 00:00 0 
8b100000-8b1fa000 rw-p 00000000 00:00 0 
8b1fa000-8b200000 ---p 00000000 00:00 0 
8b200000-8b2fd000 rw-p 00000000 00:00 0 
8b2fd000-8b300000 ---p 00000000 00:00 0 
8b300000-8b3fe000 rw-p 00000000 00:00 0 
8b3fe000-8b400000 ---p 00000000 00:00 0 
8b400000-8b4fe000 rw-p 00000000 00:00 0 
8b4fe000-8b500000 ---p 00000000 00:00 0 
8b5a9000-8b5ab000 r--s 00001000 08:02 25694265   /usr/lib/jvm/java-6-openjdk/jre/lib/ext/dnsns.jar
8b5ab000-8b5af000 r--s 00038000 08:02 25694264   /usr/lib/jvm/java-6-openjdk/jre/lib/ext/sunpkcs11.jar
8b5af000-8b5b2000 ---p 00000000 00:00 0 
8b5b2000-8b600000 rw-p 00000000 00:00 0 
8b600000-8b700000 rw-p 00000000 00:00 0 
8b703000-8b706000 r--s 00077000 08:02 25694266   /usr/lib/jvm/java-6-openjdk/jre/lib/ext/localedata.jar
8b706000-8b709000 r--s 00031000 08:02 25694267   /usr/lib/jvm/java-6-openjdk/jre/lib/ext/sunjce_provider.jar
8b709000-8b716000 r--s 00107000 08:02 25694479   /usr/lib/jvm/java-6-openjdk/jre/lib/rhino.jar
8b716000-8b724000 r--s 00351000 08:02 25694214   /usr/lib/jvm/java-6-openjdk/jre/lib/charsets.jar
8b724000-8b726000 r--s 00013000 08:02 25694472   /usr/lib/jvm/java-6-openjdk/jre/lib/jce.jar
8b726000-8b72d000 r--s 000fb000 08:02 25694478   /usr/lib/jvm/java-6-openjdk/jre/lib/resources.jar
8b72d000-8b730000 r--s 0001f000 08:02 16909042   /home/samira/workspace/workspace_scala/setak/project/boot/scala-2.8.1/org.scala-tools.sbt/sbt/0.10.1/compiler-interface-bin_2.8.1.final/compiler-interface-bin-0.10.1.jar
8b730000-8b732000 r--s 00007000 08:02 16909044   /home/samira/workspace/workspace_scala/setak/project/boot/scala-2.8.1/org.scala-tools.sbt/sbt/0.10.1/xsbti/interface-0.10.1.jar
8b732000-8b735000 r--s 00019000 08:02 16652064   /home/samira/workspace/workspace_scala/setak/project/boot/scala-2.8.1/org.scala-tools.sbt/sbt/0.10.1/cache_2.8.1-0.10.1.jar
8b735000-8b738000 r--s 0000f000 08:02 16652078   /home/samira/workspace/workspace_scala/setak/project/boot/scala-2.8.1/org.scala-tools.sbt/sbt/0.10.1/testing_2.8.1-0.10.1.jar
8b738000-8b73c000 r--s 00029000 08:02 16652051   /home/samira/workspace/workspace_scala/setak/project/boot/scala-2.8.1/org.scala-tools.sbt/sbt/0.10.1/collections_2.8.1-0.10.1.jar
8b73c000-8b73f000 r--s 00011000 08:02 16652057   /home/samira/workspace/workspace_scala/setak/project/boot/scala-2.8.1/org.scala-tools.sbt/sbt/0.10.1/classfile_2.8.1-0.10.1.jar
8b73f000-8b742000 r--s 00027000 08:02 16652062   /home/samira/workspace/workspace_scala/setak/project/boot/scala-2.8.1/org.scala-tools.sbt/sbt/0.10.1/jsch-0.1.31.jar
8b742000-8b747000 r--s 00038000 08:02 16652068   /home/samira/workspace/workspace_scala/setak/project/boot/scala-2.8.1/org.scala-tools.sbt/sbt/0.10.1/io_2.8.1-0.10.1.jar
8b747000-8b756000 r--s 000d9000 08:02 16652074   /home/samira/workspace/workspace_scala/setak/project/boot/scala-2.8.1/org.scala-tools.sbt/sbt/0.10.1/ivy-2.2.0.jar
8b756000-8b75c000 r--s 00045000 08:02 16652075   /home/samira/workspace/workspace_scala/setak/project/boot/scala-2.8.1/org.scala-tools.sbt/sbt/0.10.1/commons-httpclient-3.1.jar
8b75c000-8b75e000 r--s 00009000 08:02 16652077   /home/samira/workspace/workspace_scala/setak/project/boot/scala-2.8.1/org.scala-tools.sbt/sbt/0.10.1/tracking_2.8.1-0.10.1.jar
8b75e000-8b761000 r--s 0001a000 08:02 16652049   /home/samira/workspace/workspace_scala/setak/project/boot/scala-2.8.1/org.scala-tools.sbt/sbt/0.10.1/compile_2.8.1-0.10.1.jar
8b761000-8b763000 r--s 00010000 08:02 16652066   /home/samira/workspace/workspace_scala/setak/project/boot/scala-2.8.1/org.scala-tools.sbt/sbt/0.10.1/classpath_2.8.1-0.10.1.jar
8b763000-8b768000 r--s 00039000 08:02 16652071   /home/samira/workspace/workspace_scala/setak/project/boot/scala-2.8.1/org.scala-tools.sbt/sbt/0.10.1/actions_2.8.1-0.10.1.jar
8b768000-8b76c000 r--s 00018000 08:02 16652063   /home/samira/workspace/workspace_scala/setak/project/boot/scala-2.8.1/org.scala-tools.sbt/sbt/0.10.1/process_2.8.1-0.10.1.jar
8b76c000-8b76e000 r--s 00013000 08:02 16652073   /home/samira/workspace/workspace_scala/setak/project/boot/scala-2.8.1/org.scala-tools.sbt/sbt/0.10.1/run_2.8.1-0.10.1.jar
8b76e000-8b775000 r--s 00045000 08:02 16652055   /home/samira/workspace/workspace_scala/setak/project/boot/scala-2.8.1/org.scala-tools.sbt/sbt/0.10.1/api_2.8.1-0.10.1.jar
8b775000-8b78f000 r--s 0014f000 08:02 16652054   /home/samira/workspace/workspace_scala/setak/project/boot/scala-2.8.1/org.scala-tools.sbt/sbt/0.10.1/main_2.8.1-0.10.1.jar
8b78f000-8b792000 r--s 0000f000 08:02 16652059   /home/samira/workspace/workspace_scala/setak/project/boot/scala-2.8.1/org.scala-tools.sbt/sbt/0.10.1/logging_2.8.1-0.10.1.jar
8b792000-8b794000 r--s 00006000 08:02 16652072   /home/samira/workspace/workspace_scala/setak/project/boot/scala-2.8.1/org.scala-tools.sbt/sbt/0.10.1/commons-codec-1.2.jar
8b794000-8b796000 r--s 00004000 08:02 16652053   /home/samira/workspace/workspace_scala/setak/project/boot/scala-2.8.1/org.scala-tools.sbt/sbt/0.10.1/discovery_2.8.1-0.10.1.jar
8b796000-8b798000 r--s 00014000 08:02 16652056   /home/samira/workspace/workspace_scala/setak/project/boot/scala-2.8.1/org.scala-tools.sbt/sbt/0.10.1/jline-0.9.94.jar
8b798000-8b79a000 r--s 00008000 08:02 16652069   /home/samira/workspace/workspace_scala/setak/project/boot/scala-2.8.1/org.scala-tools.sbt/sbt/0.10.1/commons-logging-1.0.4.jar
8b79a000-8b79d000 r--s 00022000 08:02 16652060   /home/samira/workspace/workspace_scala/setak/project/boot/scala-2.8.1/org.scala-tools.sbt/sbt/0.10.1/sbinary_2.8.1-0.4.0.jar
8b79d000-8b7a1000 r--s 00021000 08:02 16652079   /home/samira/workspace/workspace_scala/setak/project/boot/scala-2.8.1/org.scala-tools.sbt/sbt/0.10.1/incremental-compiler_2.8.1-0.10.1.jar
8b7a1000-8b800000 r--s 005d3000 08:02 16255137   /home/samira/workspace/workspace_scala/setak/project/boot/scala-2.8.1/lib/scala-library.jar
8b800000-8b900000 rw-p 00000000 00:00 0 
8b900000-8b903000 r--s 0001b000 08:02 16652070   /home/samira/workspace/workspace_scala/setak/project/boot/scala-2.8.1/org.scala-tools.sbt/sbt/0.10.1/task-system_2.8.1-0.10.1.jar
8b903000-8b904000 r--s 00003000 08:02 16652061   /home/samira/workspace/workspace_scala/setak/project/boot/scala-2.8.1/org.scala-tools.sbt/sbt/0.10.1/sbt_2.8.1-0.10.1.jar
8b904000-8b907000 r--s 00016000 08:02 16652076   /home/samira/workspace/workspace_scala/setak/project/boot/scala-2.8.1/org.scala-tools.sbt/sbt/0.10.1/tasks_2.8.1-0.10.1.jar
8b907000-8b910000 r--s 00069000 08:02 16652050   /home/samira/workspace/workspace_scala/setak/project/boot/scala-2.8.1/org.scala-tools.sbt/sbt/0.10.1/ivy_2.8.1-0.10.1.jar
8b910000-8b916000 r--s 0003f000 08:02 16652052   /home/samira/workspace/workspace_scala/setak/project/boot/scala-2.8.1/org.scala-tools.sbt/sbt/0.10.1/completion_2.8.1-0.10.1.jar
8b916000-8b919000 r--s 00019000 08:02 16652058   /home/samira/workspace/workspace_scala/setak/project/boot/scala-2.8.1/org.scala-tools.sbt/sbt/0.10.1/persist_2.8.1-0.10.1.jar
8b919000-8b9b4000 r--s 007f7000 08:02 16255138   /home/samira/workspace/workspace_scala/setak/project/boot/scala-2.8.1/lib/scala-compiler.jar
8b9b4000-8b9b5000 ---p 00000000 00:00 0 
8b9b5000-8ba35000 rw-p 00000000 00:00 0 
8ba35000-8ba38000 ---p 00000000 00:00 0 
8ba38000-8ba86000 rw-p 00000000 00:00 0 
8ba86000-8ba89000 ---p 00000000 00:00 0 
8ba89000-8bb07000 rw-p 00000000 00:00 0 
8bb07000-8bb0a000 ---p 00000000 00:00 0 
8bb0a000-8bb88000 rw-p 00000000 00:00 0 
8bb88000-8bb8b000 ---p 00000000 00:00 0 
8bb8b000-8bbd9000 rw-p 00000000 00:00 0 
8bbd9000-8bbda000 r--p 0043a000 08:02 25696810   /usr/lib/locale/locale-archive
8bbda000-8bc1a000 r--p 002bd000 08:02 25696810   /usr/lib/locale/locale-archive
8bc1a000-8be1a000 r--p 00000000 08:02 25696810   /usr/lib/locale/locale-archive
8be1a000-8be1d000 ---p 00000000 00:00 0 
8be1d000-8be6b000 rw-p 00000000 00:00 0 
8be6b000-8be6e000 ---p 00000000 00:00 0 
8be6e000-8bebc000 rw-p 00000000 00:00 0 
8bebc000-8bebd000 ---p 00000000 00:00 0 
8bebd000-8bf70000 rw-p 00000000 00:00 0 
8bf70000-8c100000 r--s 037ba000 08:02 25694492   /usr/lib/jvm/java-6-openjdk/jre/lib/rt.jar
8c100000-8c1fb000 rw-p 00000000 00:00 0 
8c1fb000-8c200000 ---p 00000000 00:00 0 
8c200000-8c201000 r--s 00001000 08:02 16652065   /home/samira/workspace/workspace_scala/setak/project/boot/scala-2.8.1/org.scala-tools.sbt/sbt/0.10.1/launcher-interface_2.8.1-0.10.1.jar
8c201000-8c202000 r--s 00002000 08:02 16652080   /home/samira/workspace/workspace_scala/setak/project/boot/scala-2.8.1/org.scala-tools.sbt/sbt/0.10.1/control_2.8.1-0.10.1.jar
8c202000-8c205000 r--s 0007d000 08:02 25694473   /usr/lib/jvm/java-6-openjdk/jre/lib/jsse.jar
8c205000-8c20d000 r--s 00066000 08:02 26223259   /usr/share/java/gnome-java-bridge.jar
8c20d000-8c220000 r--s 000d2000 08:02 26479540   /bin/sbt-launch.jar
8c220000-8c221000 ---p 00000000 00:00 0 
8c221000-8c2a1000 rw-p 00000000 00:00 0 
8c2a1000-8c2a2000 ---p 00000000 00:00 0 
8c2a2000-8c322000 rw-p 00000000 00:00 0 
8c322000-8c323000 ---p 00000000 00:00 0 
8c323000-8c3a3000 rw-p 00000000 00:00 0 
8c3a3000-8c3a4000 ---p 00000000 00:00 0 
8c3a4000-8c430000 rw-p 00000000 00:00 0 
8c430000-8c464000 rw-p 00000000 00:00 0 
8c464000-8c474000 rw-p 00000000 00:00 0 
8c474000-8c50f000 rw-p 00000000 00:00 0 
8c50f000-8c51b000 rw-p 00000000 00:00 0 
8c51b000-8c54f000 rw-p 00000000 00:00 0 
8c54f000-8c55f000 rw-p 00000000 00:00 0 
8c55f000-8c5f9000 rw-p 00000000 00:00 0 
8c5f9000-8c64f000 rw-p 00000000 00:00 0 
8c64f000-8ddd0000 rw-p 00000000 00:00 0 
8ddd0000-94650000 rw-p 00000000 00:00 0 
94650000-965d0000 rw-p 00000000 00:00 0 
965d0000-a9bb0000 rw-p 00000000 00:00 0 
a9bb0000-b4650000 rw-p 00000000 00:00 0 
b4650000-b4652000 r--s 00000000 08:02 16652067   /home/samira/workspace/workspace_scala/setak/project/boot/scala-2.8.1/org.scala-tools.sbt/sbt/0.10.1/test-interface-0.5.jar
b4652000-b4653000 r--s 0000e000 08:02 16255136   /home/samira/workspace/workspace_scala/setak/project/boot/scala-2.8.1/lib/jline.jar
b4653000-b4660000 rw-p 00000000 00:00 0 
b4660000-b4713000 rw-p 00000000 00:00 0 
b4713000-b4a3b000 rwxp 00000000 00:00 0 
b4a3b000-b7713000 rw-p 00000000 00:00 0 
b7713000-b7716000 ---p 00000000 00:00 0 
b7716000-b7767000 rw-p 00000000 00:00 0 
b7767000-b776a000 r--s 000cf000 08:02 16124643   /home/samira/workspace/workspace_scala/setak/project/boot/other/net.java.dev.jna/jna/3.2.3/jna-3.2.3.jar
b776a000-b776c000 r--s 0000f000 08:02 25694270   /usr/lib/jvm/java-6-openjdk/jre/lib/ext/pulse-java.jar
b776c000-b7774000 rw-s 00000000 08:02 1966116    /tmp/hsperfdata_root/5858
b7774000-b7775000 rw-p 00000000 00:00 0 
b7775000-b7776000 r--p 00000000 00:00 0 
b7776000-b7778000 rw-p 00000000 00:00 0 
bf83c000-bf871000 rw-p 00000000 00:00 0          [stack]

VM Arguments:
jvm_args: -Xmx512M 
java_command: /bin/sbt-launch.jar
Launcher Type: SUN_STANDARD

Environment Variables:
PATH=/usr/local/sbin:/usr/local/bin:/usr/sbin:/usr/bin:/sbin:/bin:/usr/X11R6/bin
USERNAME=root
LD_LIBRARY_PATH=/usr/lib/jvm/java-6-openjdk/jre/lib/i386/server:/usr/lib/jvm/java-6-openjdk/jre/lib/i386:/usr/lib/jvm/java-6-openjdk/jre/../lib/i386
SHELL=/bin/bash

Signal Handlers:
SIGSEGV: [libjvm.so+0x66a530], sa_mask[0]=0x7ffbfeff, sa_flags=0x10000004
SIGBUS: [libjvm.so+0x66a530], sa_mask[0]=0x7ffbfeff, sa_flags=0x10000004
SIGFPE: [libjvm.so+0x52e2c0], sa_mask[0]=0x7ffbfeff, sa_flags=0x10000004
SIGPIPE: [libjvm.so+0x52e2c0], sa_mask[0]=0x7ffbfeff, sa_flags=0x10000004
SIGXFSZ: [libjvm.so+0x52e2c0], sa_mask[0]=0x7ffbfeff, sa_flags=0x10000004
SIGILL: [libjvm.so+0x52e2c0], sa_mask[0]=0x7ffbfeff, sa_flags=0x10000004
SIGUSR1: SIG_DFL, sa_mask[0]=0x00000000, sa_flags=0x00000000
SIGUSR2: [libjvm.so+0x52e150], sa_mask[0]=0x00000000, sa_flags=0x10000004
SIGHUP: [libjvm.so+0x5311f0], sa_mask[0]=0x7ffbfeff, sa_flags=0x10000004
SIGINT: [libjvm.so+0x5311f0], sa_mask[0]=0x7ffbfeff, sa_flags=0x10000004
SIGTERM: [libjvm.so+0x5311f0], sa_mask[0]=0x7ffbfeff, sa_flags=0x10000004
SIGQUIT: [libjvm.so+0x5311f0], sa_mask[0]=0x7ffbfeff, sa_flags=0x10000004


---------------  S Y S T E M  ---------------

OS:Ubuntu 11.10 (oneiric)
uname:Linux 3.0.0-16-generic #29-Ubuntu SMP Tue Feb 14 12:49:42 UTC 2012 i686
libc:glibc 2.13 NPTL 2.13 
rlimit: STACK 8192k, CORE 0k, NPROC 24023, NOFILE 4096, AS infinity
load average:0.30 0.21 0.21

/proc/meminfo:
MemTotal:        3089052 kB
MemFree:          678216 kB
Buffers:          203144 kB
Cached:          1192004 kB
SwapCached:            0 kB
Active:          1703228 kB
Inactive:         578852 kB
Active(anon):    1256800 kB
Inactive(anon):    11564 kB
Active(file):     446428 kB
Inactive(file):   567288 kB
Unevictable:           0 kB
Mlocked:               0 kB
HighTotal:       2226888 kB
HighFree:         175556 kB
LowTotal:         862164 kB
LowFree:          502660 kB
SwapTotal:      19530748 kB
SwapFree:       19530748 kB
Dirty:              1728 kB
Writeback:             0 kB
AnonPages:        887080 kB
Mapped:           142404 kB
Shmem:            381412 kB
Slab:              81456 kB
SReclaimable:      67196 kB
SUnreclaim:        14260 kB
KernelStack:        3072 kB
PageTables:         8524 kB
NFS_Unstable:          0 kB
Bounce:                0 kB
WritebackTmp:          0 kB
CommitLimit:    21075272 kB
Committed_AS:    3291788 kB
VmallocTotal:     122880 kB
VmallocUsed:       30880 kB
VmallocChunk:      69716 kB
HardwareCorrupted:     0 kB
AnonHugePages:         0 kB
HugePages_Total:       0
HugePages_Free:        0
HugePages_Rsvd:        0
HugePages_Surp:        0
Hugepagesize:       4096 kB
DirectMap4k:       16376 kB
DirectMap4M:      892928 kB


CPU:total 4 (4 cores per cpu, 1 threads per core) family 6 model 15 stepping 11, cmov, cx8, fxsr, mmx, sse, sse2, sse3, ssse3

Memory: 4k page, physical 3089052k(678216k free), swap 19530748k(19530748k free)

vm_info: OpenJDK Server VM (20.0-b11) for linux-x86 JRE (1.6.0_23-b23), built on Feb 23 2012 06:26:43 by "buildd" with gcc 4.6.1

time: Tue Mar 13 18:02:23 2012
elapsed time: 8 seconds

