#
# A fatal error has been detected by the Java Runtime Environment:
#
#  SIGBUS (0x7) at pc=0x010556ac, pid=14209, tid=2096335728
#
# JRE version: 6.0_23-b23
# Java VM: OpenJDK Server VM (20.0-b11 mixed mode linux-x86 )
# Derivative: IcedTea6 1.11pre
# Distribution: Ubuntu 11.10, package 6b23~pre11-0ubuntu1.11.10.2
# Problematic frame:
# V  [libjvm.so+0x3766ac]  instanceKlass::oop_push_contents(PSPromotionManager*, oopDesc*)+0x7c
#
# If you would like to submit a bug report, please include
# instructions how to reproduce the bug and visit:
#   https://bugs.launchpad.net/ubuntu/+source/openjdk-6/
#

---------------  T H R E A D  ---------------

Current thread (0x08d6f400):  GCTaskThread [stack: 0x7ceb8000,0x7cf39000] [id=14215]

siginfo:si_signo=SIGBUS: si_errno=0, si_code=2 (BUS_ADRERR), si_addr=0x88b14000

Registers:
EAX=0x7d23f2f8, EBX=0x01541ff4, ECX=0x00000000, EDX=0x00000001
ESP=0x7cf38140, EBP=0x88b14000, ESI=0x7d23f2f8, EDI=0x88b14000
EIP=0x010556ac, EFLAGS=0x00010286, CR2=0x88b14000

Top of Stack: (sp=0x7cf38140)
0x7cf38140:   08dbe8b8 adcafa28 08d74828 011ffc1c
0x7cf38150:   08d74828 00000005 011ead69 00541ff4
0x7cf38160:   08d70300 a4a30000 01543bb0 000005bb
0x7cf38170:   08d6f098 08d6f400 08d70300 01541ff4
0x7cf38180:   7d0d1781 88b13ff8 08d6c2a0 00ee2828
0x7cf38190:   7d23f178 08dbe8b8 88b13ff8 01541ff4
0x7cf381a0:   08d6f400 08d6f098 08d6f098 00000008
0x7cf381b0:   00000003 88b20010 7d0d1781 0000001f 

Instructions: (pc=0x010556ac)
0x0105568c:   8d 74 26 00 39 c6 76 7c 83 ee 08 8b 7c 24 58 8b
0x0105569c:   16 01 d7 8b 56 04 8d 2c 97 39 fd 76 e7 83 ed 04
0x010556ac:   8b 55 00 85 d2 74 f2 8b 8b ec c0 ff ff 8b 09 89
0x010556bc:   4c 24 24 39 ca 72 e2 85 ed 74 c9 8b 0a 83 e1 03 

Register to memory mapping:

EAX=0x7d23f2f8 is an oop
{instance class} 
 - klass: {other class}
EBX=0x01541ff4: <offset 0x862ff4> in /usr/lib/jvm/java-6-openjdk/jre/lib/i386/server/libjvm.so at 0x00cdf000
ECX=0x00000000 is an unknown value
EDX=0x00000001 is an unknown value
ESP=0x7cf38140 is an unknown value
EBP=0x88b14000 is an oop
java.lang.String 
 - klass: 'java/lang/String'
ESI=0x7d23f2f8 is an oop
{instance class} 
 - klass: {other class}
EDI=0x88b14000 is an oop
java.lang.String 
 - klass: 'java/lang/String'


Stack: [0x7ceb8000,0x7cf39000],  sp=0x7cf38140,  free space=512k
Native frames: (J=compiled Java code, j=interpreted, Vv=VM code, C=native code)
V  [libjvm.so+0x3766ac]  instanceKlass::oop_push_contents(PSPromotionManager*, oopDesc*)+0x7c

[error occurred during error reporting (printing native stack), id 0x7]


---------------  P R O C E S S  ---------------

Java Threads: ( => current thread )
  0x7cc15800 JavaThread "Low Memory Detector" daemon [_thread_blocked, id=14225, stack(0x7c568000,0x7c5b9000)]
  0x7cc13c00 JavaThread "C2 CompilerThread1" daemon [_thread_blocked, id=14224, stack(0x7c5b9000,0x7c63a000)]
  0x7cc11800 JavaThread "C2 CompilerThread0" daemon [_thread_blocked, id=14223, stack(0x7c63a000,0x7c6bb000)]
  0x7cc10400 JavaThread "Signal Dispatcher" daemon [_thread_blocked, id=14222, stack(0x7c6bb000,0x7c70c000)]
  0x7cc00800 JavaThread "Finalizer" daemon [_thread_blocked, id=14221, stack(0x7c94d000,0x7c99e000)]
  0x08e13800 JavaThread "Reference Handler" daemon [_thread_blocked, id=14220, stack(0x7c99e000,0x7c9ef000)]
  0x08d68000 JavaThread "main" [_thread_blocked, id=14214, stack(0xb76f2000,0xb7743000)]

Other Threads:
  0x08e0fc00 VMThread [stack: 0x7c9ef000,0x7ca70000] [id=14219]
  0x7cc17c00 WatcherThread [stack: 0x7c4e7000,0x7c568000] [id=14226]

=>0x08d6f400 (exited) GCTaskThread [stack: 0x7ceb8000,0x7cf39000] [id=14215]

VM state:at safepoint (normal execution)

VM Mutex/Monitor currently owned by a thread:  ([mutex/lock_event])
[0x08d65b60] Threads_lock - owner thread: 0x08e0fc00
[0x08d65f70] Heap_lock - owner thread: 0x08d68000

Heap
 PSYoungGen      total 198592K, used 198592K [0xa4a30000, 0xb4630000, 0xb4630000)
  eden space 158336K, 100% used [0xa4a30000,0xae4d0000,0xae4d0000)
  from space 40256K, 100% used [0xb1ee0000,0xb4630000,0xb4630000)
  to   space 49856K, 0% used [0xae4d0000,0xae4e4000,0xb1580000)
 PSOldGen        total 105984K, used 105963K [0x85230000, 0x8b9b0000, 0xa4a30000)
  object space 105984K, 99% used [0x85230000,0x8b9aaff0,0x8b9b0000)
 PSPermGen       total 16384K, used 2304K [0x7d230000, 0x7e230000, 0x85230000)
  object space 16384K, 14% used [0x7d230000,0x7d4702c8,0x7e230000)

Code Cache  [0xb46f2000, 0xb4932000, 0xb76f2000)
 total_blobs=362 nmethods=254 adapters=62 free_code_cache=48891712 largest_free_block=53440

Dynamic libraries:
00110000-00117000 r-xp 00000000 08:02 28577640   /lib/i386-linux-gnu/librt-2.13.so
00117000-00118000 r--p 00006000 08:02 28577640   /lib/i386-linux-gnu/librt-2.13.so
00118000-00119000 rw-p 00007000 08:02 28577640   /lib/i386-linux-gnu/librt-2.13.so
00119000-0012e000 r-xp 00000000 08:02 28573851   /lib/i386-linux-gnu/libnsl-2.13.so
0012e000-0012f000 r--p 00015000 08:02 28573851   /lib/i386-linux-gnu/libnsl-2.13.so
0012f000-00130000 rw-p 00016000 08:02 28573851   /lib/i386-linux-gnu/libnsl-2.13.so
00130000-00132000 rw-p 00000000 00:00 0 
00132000-0013c000 r-xp 00000000 08:02 28574701   /lib/i386-linux-gnu/libnss_nis-2.13.so
0013c000-0013d000 r--p 00009000 08:02 28574701   /lib/i386-linux-gnu/libnss_nis-2.13.so
0013d000-0013e000 rw-p 0000a000 08:02 28574701   /lib/i386-linux-gnu/libnss_nis-2.13.so
0013e000-00149000 r-xp 00000000 08:02 28573854   /lib/i386-linux-gnu/libnss_files-2.13.so
00149000-0014a000 r--p 0000a000 08:02 28573854   /lib/i386-linux-gnu/libnss_files-2.13.so
0014a000-0014b000 rw-p 0000b000 08:02 28573854   /lib/i386-linux-gnu/libnss_files-2.13.so
001b9000-001d7000 r-xp 00000000 08:02 28573842   /lib/i386-linux-gnu/ld-2.13.so
001d7000-001d8000 r--p 0001d000 08:02 28573842   /lib/i386-linux-gnu/ld-2.13.so
001d8000-001d9000 rw-p 0001e000 08:02 28573842   /lib/i386-linux-gnu/ld-2.13.so
001d9000-00351000 r-xp 00000000 08:02 28573845   /lib/i386-linux-gnu/libc-2.13.so
00351000-00353000 r--p 00178000 08:02 28573845   /lib/i386-linux-gnu/libc-2.13.so
00353000-00354000 rw-p 0017a000 08:02 28573845   /lib/i386-linux-gnu/libc-2.13.so
00354000-00357000 rw-p 00000000 00:00 0 
00388000-00390000 r-xp 00000000 08:02 28573852   /lib/i386-linux-gnu/libnss_compat-2.13.so
00390000-00391000 r--p 00007000 08:02 28573852   /lib/i386-linux-gnu/libnss_compat-2.13.so
00391000-00392000 rw-p 00008000 08:02 28573852   /lib/i386-linux-gnu/libnss_compat-2.13.so
00418000-0042b000 r-xp 00000000 08:02 28574712   /lib/i386-linux-gnu/libz.so.1.2.3.4
0042b000-0042c000 r--p 00012000 08:02 28574712   /lib/i386-linux-gnu/libz.so.1.2.3.4
0042c000-0042d000 rw-p 00013000 08:02 28574712   /lib/i386-linux-gnu/libz.so.1.2.3.4
0042d000-0050b000 r-xp 00000000 08:02 25695611   /usr/lib/i386-linux-gnu/libstdc++.so.6.0.16
0050b000-0050c000 ---p 000de000 08:02 25695611   /usr/lib/i386-linux-gnu/libstdc++.so.6.0.16
0050c000-00510000 r--p 000de000 08:02 25695611   /usr/lib/i386-linux-gnu/libstdc++.so.6.0.16
00510000-00511000 rw-p 000e2000 08:02 25695611   /usr/lib/i386-linux-gnu/libstdc++.so.6.0.16
00511000-00518000 rw-p 00000000 00:00 0 
005f1000-005fc000 r-xp 00000000 08:02 25695488   /usr/lib/jvm/java-6-openjdk/jre/lib/i386/libverify.so
005fc000-005fd000 ---p 0000b000 08:02 25695488   /usr/lib/jvm/java-6-openjdk/jre/lib/i386/libverify.so
005fd000-005fe000 r--p 0000b000 08:02 25695488   /usr/lib/jvm/java-6-openjdk/jre/lib/i386/libverify.so
005fe000-005ff000 rw-p 0000c000 08:02 25695488   /usr/lib/jvm/java-6-openjdk/jre/lib/i386/libverify.so
00713000-00739000 r-xp 00000000 08:02 25694820   /usr/lib/jvm/java-6-openjdk/jre/lib/i386/libjava.so
00739000-0073a000 r--p 00025000 08:02 25694820   /usr/lib/jvm/java-6-openjdk/jre/lib/i386/libjava.so
0073a000-0073c000 rw-p 00026000 08:02 25694820   /usr/lib/jvm/java-6-openjdk/jre/lib/i386/libjava.so
00814000-0083c000 r-xp 00000000 08:02 28573849   /lib/i386-linux-gnu/libm-2.13.so
0083c000-0083d000 r--p 00028000 08:02 28573849   /lib/i386-linux-gnu/libm-2.13.so
0083d000-0083e000 rw-p 00029000 08:02 28573849   /lib/i386-linux-gnu/libm-2.13.so
00929000-0092d000 r-xp 00000000 08:02 25694797   /usr/lib/jvm/java-6-openjdk/jre/lib/i386/jli/libjli.so
0092d000-0092e000 r--p 00003000 08:02 25694797   /usr/lib/jvm/java-6-openjdk/jre/lib/i386/jli/libjli.so
0092e000-0092f000 rw-p 00004000 08:02 25694797   /usr/lib/jvm/java-6-openjdk/jre/lib/i386/jli/libjli.so
00a03000-00a04000 r-xp 00000000 00:00 0          [vdso]
00aef000-00af6000 r-xp 00000000 08:02 25695507   /usr/lib/jvm/java-6-openjdk/jre/lib/i386/libzip.so
00af6000-00af7000 r--p 00006000 08:02 25695507   /usr/lib/jvm/java-6-openjdk/jre/lib/i386/libzip.so
00af7000-00af8000 rw-p 00007000 08:02 25695507   /usr/lib/jvm/java-6-openjdk/jre/lib/i386/libzip.so
00b92000-00bae000 r-xp 00000000 08:02 28574650   /lib/i386-linux-gnu/libgcc_s.so.1
00bae000-00baf000 r--p 0001b000 08:02 28574650   /lib/i386-linux-gnu/libgcc_s.so.1
00baf000-00bb0000 rw-p 0001c000 08:02 28574650   /lib/i386-linux-gnu/libgcc_s.so.1
00c2d000-00c44000 r-xp 00000000 08:02 28574759   /lib/i386-linux-gnu/libpthread-2.13.so
00c44000-00c45000 r--p 00016000 08:02 28574759   /lib/i386-linux-gnu/libpthread-2.13.so
00c45000-00c46000 rw-p 00017000 08:02 28574759   /lib/i386-linux-gnu/libpthread-2.13.so
00c46000-00c48000 rw-p 00000000 00:00 0 
00cda000-00cdd000 r-xp 00000000 08:02 28573848   /lib/i386-linux-gnu/libdl-2.13.so
00cdd000-00cde000 r--p 00002000 08:02 28573848   /lib/i386-linux-gnu/libdl-2.13.so
00cde000-00cdf000 rw-p 00003000 08:02 28573848   /lib/i386-linux-gnu/libdl-2.13.so
00cdf000-014fd000 r-xp 00000000 08:02 25695520   /usr/lib/jvm/java-6-openjdk/jre/lib/i386/server/libjvm.so
014fd000-01542000 r--p 0081e000 08:02 25695520   /usr/lib/jvm/java-6-openjdk/jre/lib/i386/server/libjvm.so
01542000-01551000 rw-p 00863000 08:02 25695520   /usr/lib/jvm/java-6-openjdk/jre/lib/i386/server/libjvm.so
01551000-0196b000 rw-p 00000000 00:00 0 
08048000-08051000 r-xp 00000000 08:02 25697513   /usr/lib/jvm/java-6-openjdk/jre/bin/java
08051000-08052000 r--p 00008000 08:02 25697513   /usr/lib/jvm/java-6-openjdk/jre/bin/java
08052000-08053000 rw-p 00009000 08:02 25697513   /usr/lib/jvm/java-6-openjdk/jre/bin/java
08d61000-0f35b000 rw-p 00000000 00:00 0          [heap]
75100000-752ec000 rw-p 00000000 00:00 0 
752ec000-75300000 ---p 00000000 00:00 0 
75300000-753f7000 rw-p 00000000 00:00 0 
753f7000-75400000 ---p 00000000 00:00 0 
75400000-754fa000 rw-p 00000000 00:00 0 
754fa000-75500000 ---p 00000000 00:00 0 
75500000-75700000 rw-p 00000000 00:00 0 
75700000-75900000 rw-p 00000000 00:00 0 
75900000-75b00000 rw-p 00000000 00:00 0 
75b00000-75d00000 rw-p 00000000 00:00 0 
75d00000-75f00000 rw-p 00000000 00:00 0 
75f00000-76100000 rw-p 00000000 00:00 0 
76100000-76300000 rw-p 00000000 00:00 0 
76300000-76500000 rw-p 00000000 00:00 0 
76500000-76700000 rw-p 00000000 00:00 0 
76700000-76900000 rw-p 00000000 00:00 0 
76900000-76b00000 rw-p 00000000 00:00 0 
76b00000-76d00000 rw-p 00000000 00:00 0 
76d00000-76f00000 rw-p 00000000 00:00 0 
76f00000-77100000 rw-p 00000000 00:00 0 
77100000-77300000 rw-p 00000000 00:00 0 
77300000-77500000 rw-p 00000000 00:00 0 
77500000-77700000 rw-p 00000000 00:00 0 
77700000-77900000 rw-p 00000000 00:00 0 
77900000-77b00000 rw-p 00000000 00:00 0 
77b00000-77d00000 rw-p 00000000 00:00 0 
77d00000-77f00000 rw-p 00000000 00:00 0 
77f00000-78100000 rw-p 00000000 00:00 0 
78100000-78300000 rw-p 00000000 00:00 0 
78300000-78500000 rw-p 00000000 00:00 0 
78500000-78700000 rw-p 00000000 00:00 0 
78700000-78900000 rw-p 00000000 00:00 0 
78900000-78b00000 rw-p 00000000 00:00 0 
78b00000-78d00000 rw-p 00000000 00:00 0 
78d00000-78f00000 rw-p 00000000 00:00 0 
78f00000-79100000 rw-p 00000000 00:00 0 
79100000-79300000 rw-p 00000000 00:00 0 
79300000-79500000 rw-p 00000000 00:00 0 
79500000-795f6000 rw-p 00000000 00:00 0 
795f6000-79600000 ---p 00000000 00:00 0 
79600000-79700000 rw-p 00000000 00:00 0 
79800000-798f9000 rw-p 00000000 00:00 0 
798f9000-79900000 ---p 00000000 00:00 0 
79900000-799f9000 rw-p 00000000 00:00 0 
799f9000-79a00000 ---p 00000000 00:00 0 
79a00000-79af1000 rw-p 00000000 00:00 0 
79af1000-79b00000 ---p 00000000 00:00 0 
79c00000-79ce8000 rw-p 00000000 00:00 0 
79ce8000-79d00000 ---p 00000000 00:00 0 
79d00000-79dfb000 rw-p 00000000 00:00 0 
79dfb000-79e00000 ---p 00000000 00:00 0 
79e00000-79eef000 rw-p 00000000 00:00 0 
79eef000-79f00000 ---p 00000000 00:00 0 
79f00000-79fe2000 rw-p 00000000 00:00 0 
79fe2000-7a000000 ---p 00000000 00:00 0 
7a000000-7a0f4000 rw-p 00000000 00:00 0 
7a0f4000-7a100000 ---p 00000000 00:00 0 
7a100000-7a1fb000 rw-p 00000000 00:00 0 
7a1fb000-7a200000 ---p 00000000 00:00 0 
7a200000-7a2e8000 rw-p 00000000 00:00 0 
7a2e8000-7a300000 ---p 00000000 00:00 0 
7a300000-7a3f1000 rw-p 00000000 00:00 0 
7a3f1000-7a400000 ---p 00000000 00:00 0 
7a400000-7a4e1000 rw-p 00000000 00:00 0 
7a4e1000-7a500000 ---p 00000000 00:00 0 
7a500000-7a5f2000 rw-p 00000000 00:00 0 
7a5f2000-7a600000 ---p 00000000 00:00 0 
7a600000-7a6f8000 rw-p 00000000 00:00 0 
7a6f8000-7a700000 ---p 00000000 00:00 0 
7a700000-7a7fe000 rw-p 00000000 00:00 0 
7a7fe000-7a800000 ---p 00000000 00:00 0 
7a800000-7a8f2000 rw-p 00000000 00:00 0 
7a8f2000-7a900000 ---p 00000000 00:00 0 
7a900000-7a9fe000 rw-p 00000000 00:00 0 
7a9fe000-7aa00000 ---p 00000000 00:00 0 
7ab00000-7abed000 rw-p 00000000 00:00 0 
7abed000-7ac00000 ---p 00000000 00:00 0 
7ac00000-7acf7000 rw-p 00000000 00:00 0 
7acf7000-7ad00000 ---p 00000000 00:00 0 
7ad00000-7adfd000 rw-p 00000000 00:00 0 
7adfd000-7ae00000 ---p 00000000 00:00 0 
7ae00000-7aefd000 rw-p 00000000 00:00 0 
7aefd000-7af00000 ---p 00000000 00:00 0 
7af00000-7affe000 rw-p 00000000 00:00 0 
7affe000-7b000000 ---p 00000000 00:00 0 
7b000000-7b0fa000 rw-p 00000000 00:00 0 
7b0fa000-7b100000 ---p 00000000 00:00 0 
7b100000-7b1fa000 rw-p 00000000 00:00 0 
7b1fa000-7b200000 ---p 00000000 00:00 0 
7b200000-7b2fd000 rw-p 00000000 00:00 0 
7b2fd000-7b300000 ---p 00000000 00:00 0 
7b300000-7b4f8000 rw-p 00000000 00:00 0 
7b4f8000-7b500000 ---p 00000000 00:00 0 
7b500000-7b700000 rw-p 00000000 00:00 0 
7b700000-7b900000 rw-p 00000000 00:00 0 
7b900000-7bb00000 rw-p 00000000 00:00 0 
7bb00000-7bbfd000 rw-p 00000000 00:00 0 
7bbfd000-7bc00000 ---p 00000000 00:00 0 
7bc00000-7bd00000 rw-p 00000000 00:00 0 
7bd00000-7bde9000 rw-p 00000000 00:00 0 
7bde9000-7be00000 ---p 00000000 00:00 0 
7be00000-7bee8000 rw-p 00000000 00:00 0 
7bee8000-7bf00000 ---p 00000000 00:00 0 
7bf00000-7c0fe000 rw-p 00000000 00:00 0 
7c0fe000-7c100000 ---p 00000000 00:00 0 
7c100000-7c1ff000 rw-p 00000000 00:00 0 
7c1ff000-7c200000 ---p 00000000 00:00 0 
7c200000-7c2fe000 rw-p 00000000 00:00 0 
7c2fe000-7c300000 ---p 00000000 00:00 0 
7c300000-7c3fa000 rw-p 00000000 00:00 0 
7c3fa000-7c400000 ---p 00000000 00:00 0 
7c4df000-7c4e7000 r--s 00066000 08:02 26223259   /usr/share/java/gnome-java-bridge.jar
7c4e7000-7c4e8000 ---p 00000000 00:00 0 
7c4e8000-7c568000 rw-p 00000000 00:00 0 
7c568000-7c56b000 ---p 00000000 00:00 0 
7c56b000-7c5b9000 rw-p 00000000 00:00 0 
7c5b9000-7c5bc000 ---p 00000000 00:00 0 
7c5bc000-7c63a000 rw-p 00000000 00:00 0 
7c63a000-7c63d000 ---p 00000000 00:00 0 
7c63d000-7c6bb000 rw-p 00000000 00:00 0 
7c6bb000-7c6be000 ---p 00000000 00:00 0 
7c6be000-7c70c000 rw-p 00000000 00:00 0 
7c70c000-7c70d000 r--p 0043a000 08:02 25696810   /usr/lib/locale/locale-archive
7c70d000-7c74d000 r--p 002bd000 08:02 25696810   /usr/lib/locale/locale-archive
7c74d000-7c94d000 r--p 00000000 08:02 25696810   /usr/lib/locale/locale-archive
7c94d000-7c950000 ---p 00000000 00:00 0 
7c950000-7c99e000 rw-p 00000000 00:00 0 
7c99e000-7c9a1000 ---p 00000000 00:00 0 
7c9a1000-7c9ef000 rw-p 00000000 00:00 0 
7c9ef000-7c9f0000 ---p 00000000 00:00 0 
7c9f0000-7ca70000 rw-p 00000000 00:00 0 
7ca70000-7cc00000 r--s 037ba000 08:02 25694492   /usr/lib/jvm/java-6-openjdk/jre/lib/rt.jar
7cc00000-7ccf9000 rw-p 00000000 00:00 0 
7ccf9000-7cd00000 ---p 00000000 00:00 0 
7cd02000-7cd35000 rw-p 00000000 00:00 0 
7cd35000-7cd36000 ---p 00000000 00:00 0 
7cd36000-7cdb6000 rw-p 00000000 00:00 0 
7cdb6000-7cdb7000 ---p 00000000 00:00 0 
7cdb7000-7ce37000 rw-p 00000000 00:00 0 
7ce37000-7ce38000 ---p 00000000 00:00 0 
7ce38000-7ceb8000 rw-p 00000000 00:00 0 
7ceb8000-7ceb9000 ---p 00000000 00:00 0 
7ceb9000-7cf41000 rw-p 00000000 00:00 0 
7cf41000-7cf79000 rw-p 00000000 00:00 0 
7cf79000-7cfad000 rw-p 00000000 00:00 0 
7cfad000-7d075000 rw-p 00000000 00:00 0 
7d075000-7d07d000 rw-p 00000000 00:00 0 
7d07d000-7d0b5000 rw-p 00000000 00:00 0 
7d0b5000-7d0e9000 rw-p 00000000 00:00 0 
7d0e9000-7d1b1000 rw-p 00000000 00:00 0 
7d1b1000-7d22f000 rw-p 00000000 00:00 0 
7d22f000-7e230000 rw-p 00000000 00:00 0 
7e230000-85230000 rw-p 00000000 00:00 0 
85230000-8b9b0000 rw-p 00000000 00:00 0 
8b9b0000-a4a30000 rw-p 00000000 00:00 0 
a4a30000-b4630000 rw-p 00000000 00:00 0 
b4632000-b463b000 rw-p 00000000 00:00 0 
b463b000-b46f2000 rw-p 00000000 00:00 0 
b46f2000-b4932000 rwxp 00000000 00:00 0 
b4932000-b76f2000 rw-p 00000000 00:00 0 
b76f2000-b76f5000 ---p 00000000 00:00 0 
b76f5000-b7746000 rw-p 00000000 00:00 0 
b7748000-b7749000 rw-p 00000000 00:00 0 
b7749000-b774b000 r--s 0000f000 08:02 25694270   /usr/lib/jvm/java-6-openjdk/jre/lib/ext/pulse-java.jar
b774b000-b7753000 rw-s 00000000 08:02 1966114    /tmp/hsperfdata_samira/14209
b7753000-b7754000 rw-p 00000000 00:00 0 
b7754000-b7755000 ---p 00000000 00:00 0 
b7755000-b7757000 rw-p 00000000 00:00 0 
bfedf000-bff00000 rw-p 00000000 00:00 0          [stack]

VM Arguments:
jvm_args: -Dfile.encoding=UTF-8 
java_command: Main
Launcher Type: SUN_STANDARD

Environment Variables:
PATH=/usr/lib/lightdm/lightdm:/usr/local/sbin:/usr/local/bin:/usr/sbin:/usr/bin:/sbin:/bin:/usr/games
USERNAME=samira
LD_LIBRARY_PATH=/usr/lib/jvm/java-6-openjdk/jre/lib/i386/server:/usr/lib/jvm/java-6-openjdk/jre/lib/i386:/usr/lib/jvm/java-6-openjdk/jre/../lib/i386:/usr/lib/jvm/java-6-openjdk/jre/lib/i386/client:/usr/lib/jvm/java-6-openjdk/jre/lib/i386:
SHELL=/bin/bash
DISPLAY=:0

Signal Handlers:
SIGSEGV: [libjvm.so+0x66a530], sa_mask[0]=0x7ffbfeff, sa_flags=0x10000004
SIGBUS: [libjvm.so+0x66a530], sa_mask[0]=0x7ffbfeff, sa_flags=0x10000004
SIGFPE: [libjvm.so+0x52e2c0], sa_mask[0]=0x7ffbfeff, sa_flags=0x10000004
SIGPIPE: [libjvm.so+0x52e2c0], sa_mask[0]=0x7ffbfeff, sa_flags=0x10000004
SIGXFSZ: [libjvm.so+0x52e2c0], sa_mask[0]=0x7ffbfeff, sa_flags=0x10000004
SIGILL: [libjvm.so+0x52e2c0], sa_mask[0]=0x7ffbfeff, sa_flags=0x10000004
SIGUSR1: SIG_DFL, sa_mask[0]=0x00000000, sa_flags=0x00000000
SIGUSR2: [libjvm.so+0x52e150], sa_mask[0]=0x00000004, sa_flags=0x10000004
SIGHUP: [libjvm.so+0x5311f0], sa_mask[0]=0x7ffbfeff, sa_flags=0x10000004
SIGINT: [libjvm.so+0x5311f0], sa_mask[0]=0x7ffbfeff, sa_flags=0x10000004
SIGTERM: [libjvm.so+0x5311f0], sa_mask[0]=0x7ffbfeff, sa_flags=0x10000004
SIGQUIT: [libjvm.so+0x5311f0], sa_mask[0]=0x7ffbfeff, sa_flags=0x10000004


---------------  S Y S T E M  ---------------

OS:Ubuntu 11.10 (oneiric)
uname:Linux 3.0.0-17-generic #30-Ubuntu SMP Thu Mar 8 17:34:21 UTC 2012 i686
libc:glibc 2.13 NPTL 2.13 
rlimit: STACK 8192k, CORE 0k, NPROC 24023, NOFILE 4096, AS infinity
load average:8.30 2.22 0.78

/proc/meminfo:
MemTotal:        3089052 kB
MemFree:          146848 kB
Buffers:            1256 kB
Cached:           457488 kB
SwapCached:        45852 kB
Active:          2067432 kB
Inactive:         781752 kB
Active(anon):    2037048 kB
Inactive(anon):   749728 kB
Active(file):      30384 kB
Inactive(file):    32024 kB
Unevictable:           0 kB
Mlocked:               0 kB
HighTotal:       2226888 kB
HighFree:          10220 kB
LowTotal:         862164 kB
LowFree:          136628 kB
SwapTotal:      19530748 kB
SwapFree:       19187140 kB
Dirty:               160 kB
Writeback:         32276 kB
AnonPages:       2349056 kB
Mapped:           102108 kB
Shmem:            396496 kB
Slab:              37156 kB
SReclaimable:      19628 kB
SUnreclaim:        17528 kB
KernelStack:        4448 kB
PageTables:        15736 kB
NFS_Unstable:          0 kB
Bounce:                0 kB
WritebackTmp:          0 kB
CommitLimit:    21075272 kB
Committed_AS:    6546448 kB
VmallocTotal:     122880 kB
VmallocUsed:       30912 kB
VmallocChunk:      59148 kB
HardwareCorrupted:     0 kB
AnonHugePages:         0 kB
HugePages_Total:       0
HugePages_Free:        0
HugePages_Rsvd:        0
HugePages_Surp:        0
Hugepagesize:       4096 kB
DirectMap4k:       16376 kB
DirectMap4M:      892928 kB


CPU:total 4 (4 cores per cpu, 1 threads per core) family 6 model 15 stepping 11, cmov, cx8, fxsr, mmx, sse, sse2, sse3, ssse3

Memory: 4k page, physical 3089052k(146848k free), swap 19530748k(19187140k free)

vm_info: OpenJDK Server VM (20.0-b11) for linux-x86 JRE (1.6.0_23-b23), built on Feb 23 2012 06:26:43 by "buildd" with gcc 4.6.1

time: Wed Mar 28 17:27:42 2012
elapsed time: 64 seconds

