#
# A fatal error has been detected by the Java Runtime Environment:
#
#  SIGBUS (0x7) at pc=0x013a0c55, pid=10735, tid=2096139120
#
# JRE version: 6.0_23-b23
# Java VM: OpenJDK Server VM (20.0-b11 mixed mode linux-x86 )
# Derivative: IcedTea6 1.11pre
# Distribution: Ubuntu 11.10, package 6b23~pre11-0ubuntu1.11.10.2
# Problematic frame:
# V  [libjvm.so+0x520c55]  objArrayKlass::oop_push_contents(PSPromotionManager*, oopDesc*)+0x45
#
# If you would like to submit a bug report, please include
# instructions how to reproduce the bug and visit:
#   https://bugs.launchpad.net/ubuntu/+source/openjdk-6/
#

---------------  T H R E A D  ---------------

Current thread (0x0859a400):  GCTaskThread [stack: 0x7ce88000,0x7cf09000] [id=10741]

siginfo:si_signo=SIGBUS: si_errno=0, si_code=2 (BUS_ADRERR), si_addr=0xa5b447f8

Registers:
EAX=0xa5b447f8, EBX=0x016e2ff4, ECX=0x085e99a0, EDX=0xa4a00000
ESP=0x7cf07df0, EBP=0x016fde78, ESI=0x85c3bee0, EDI=0x085e98f8
EIP=0x013a0c55, EFLAGS=0x00210202, CR2=0xa5b447f8

Top of Stack: (sp=0x7cf07df0)
0x7cf07df0:   0138b29c 00001000 08597ccc 85c3b3f8
0x7cf07e00:   085972d8 a4a00000 a5b4d448 85c3bf04
0x7cf07e10:   08597cb0 00000400 085973fc 016e2ff4
0x7cf07e20:   085e98f8 e00efd20 a5b4c1b0 01402890
0x7cf07e30:   7d27df08 085e98f8 85c3bed0 00000160
0x7cf07e40:   085e98f8 a657d2f0 0859ca28 016da468
0x7cf07e50:   85c3bed0 00000001 0000000e 01000062
0x7cf07e60:   00000061 00001000 85c3b000 00000400 

Instructions: (pc=0x013a0c55)
0x013a0c35:   44 24 1c 39 f0 76 64 8b ab ec c0 ff ff 8d b6 00
0x013a0c45:   00 00 00 8b 06 85 c0 74 49 8b 55 00 39 d0 72 42
0x013a0c55:   8b 08 83 e1 03 83 f9 03 75 49 8b 8b 90 e6 ff ff
0x013a0c65:   8b 00 80 39 00 74 0e 89 c1 83 e1 07 83 f9 05 0f 

Register to memory mapping:

EAX=
[error occurred during error reporting (printing register info), id 0x7]

Stack: [0x7ce88000,0x7cf09000],  sp=0x7cf07df0,  free space=511k
Native frames: (J=compiled Java code, j=interpreted, Vv=VM code, C=native code)
V  [libjvm.so+0x520c55]  objArrayKlass::oop_push_contents(PSPromotionManager*, oopDesc*)+0x45


---------------  P R O C E S S  ---------------

Java Threads: ( => current thread )
  0x7cc15800 JavaThread "Low Memory Detector" daemon [_thread_blocked, id=10751, stack(0x7c535000,0x7c586000)]
  0x7cc13c00 JavaThread "C2 CompilerThread1" daemon [_thread_blocked, id=10750, stack(0x7c586000,0x7c607000)]
  0x7cc11c00 JavaThread "C2 CompilerThread0" daemon [_thread_blocked, id=10749, stack(0x7c607000,0x7c688000)]
  0x7cc10400 JavaThread "Signal Dispatcher" daemon [_thread_blocked, id=10748, stack(0x7c688000,0x7c6d9000)]
  0x7cc00800 JavaThread "Finalizer" daemon [_thread_blocked, id=10747, stack(0x7c91a000,0x7c96b000)]
  0x0863ec00 JavaThread "Reference Handler" daemon [_thread_blocked, id=10746, stack(0x7c96b000,0x7c9bc000)]
  0x08593000 JavaThread "main" [_thread_blocked, id=10740, stack(0xb76cb000,0xb771c000)]

Other Threads:
  0x0863ac00 VMThread [stack: 0x7c9bc000,0x7ca3d000] [id=10745]
  0x7cc17c00 WatcherThread [stack: 0x7c4b4000,0x7c535000] [id=10752]

=>0x0859a400 (exited) GCTaskThread [stack: 0x7ce88000,0x7cf09000] [id=10741]

VM state:at safepoint (normal execution)

VM Mutex/Monitor currently owned by a thread:  ([mutex/lock_event])
[0x08590ba8] Threads_lock - owner thread: 0x0863ac00
[0x08590fb8] Heap_lock - owner thread: 0x08593000

Heap
 PSYoungGen      total 26176K, used 26168K [0xa4a00000, 0xa6580000, 0xb4600000)
  eden space 24192K, 100% used [0xa4a00000,0xa61a0000,0xa61a0000)
  from space 1984K, 99% used [0xa6390000,0xa657e0a0,0xa6580000)
  to   space 1984K, 99% used [0xa61a0000,0xa638c0b0,0xa6390000)
 PSOldGen        total 32256K, used 10576K [0x85200000, 0x87180000, 0xa4a00000)
  object space 32256K, 32% used [0x85200000,0x85c54000,0x87180000)
 PSPermGen       total 16384K, used 2242K [0x7d200000, 0x7e200000, 0x85200000)
  object space 16384K, 13% used [0x7d200000,0x7d430b28,0x7e200000)

Code Cache  [0xb46cb000, 0xb490b000, 0xb76cb000)
 total_blobs=197 nmethods=89 adapters=62 free_code_cache=49869504 largest_free_block=12416

Dynamic libraries:
00110000-00114000 r-xp 00000000 08:02 25694797   /usr/lib/jvm/java-6-openjdk/jre/lib/i386/jli/libjli.so
00114000-00115000 r--p 00003000 08:02 25694797   /usr/lib/jvm/java-6-openjdk/jre/lib/i386/jli/libjli.so
00115000-00116000 rw-p 00004000 08:02 25694797   /usr/lib/jvm/java-6-openjdk/jre/lib/i386/jli/libjli.so
00116000-00121000 r-xp 00000000 08:02 25695488   /usr/lib/jvm/java-6-openjdk/jre/lib/i386/libverify.so
00121000-00122000 ---p 0000b000 08:02 25695488   /usr/lib/jvm/java-6-openjdk/jre/lib/i386/libverify.so
00122000-00123000 r--p 0000b000 08:02 25695488   /usr/lib/jvm/java-6-openjdk/jre/lib/i386/libverify.so
00123000-00124000 rw-p 0000c000 08:02 25695488   /usr/lib/jvm/java-6-openjdk/jre/lib/i386/libverify.so
00124000-0014a000 r-xp 00000000 08:02 25694820   /usr/lib/jvm/java-6-openjdk/jre/lib/i386/libjava.so
0014a000-0014b000 r--p 00025000 08:02 25694820   /usr/lib/jvm/java-6-openjdk/jre/lib/i386/libjava.so
0014b000-0014d000 rw-p 00026000 08:02 25694820   /usr/lib/jvm/java-6-openjdk/jre/lib/i386/libjava.so
0014d000-00162000 r-xp 00000000 08:02 28573851   /lib/i386-linux-gnu/libnsl-2.13.so
00162000-00163000 r--p 00015000 08:02 28573851   /lib/i386-linux-gnu/libnsl-2.13.so
00163000-00164000 rw-p 00016000 08:02 28573851   /lib/i386-linux-gnu/libnsl-2.13.so
00164000-00166000 rw-p 00000000 00:00 0 
00166000-00170000 r-xp 00000000 08:02 28574701   /lib/i386-linux-gnu/libnss_nis-2.13.so
00170000-00171000 r--p 00009000 08:02 28574701   /lib/i386-linux-gnu/libnss_nis-2.13.so
00171000-00172000 rw-p 0000a000 08:02 28574701   /lib/i386-linux-gnu/libnss_nis-2.13.so
00172000-00179000 r-xp 00000000 08:02 25695507   /usr/lib/jvm/java-6-openjdk/jre/lib/i386/libzip.so
00179000-0017a000 r--p 00006000 08:02 25695507   /usr/lib/jvm/java-6-openjdk/jre/lib/i386/libzip.so
0017a000-0017b000 rw-p 00007000 08:02 25695507   /usr/lib/jvm/java-6-openjdk/jre/lib/i386/libzip.so
0020f000-00222000 r-xp 00000000 08:02 28574712   /lib/i386-linux-gnu/libz.so.1.2.3.4
00222000-00223000 r--p 00012000 08:02 28574712   /lib/i386-linux-gnu/libz.so.1.2.3.4
00223000-00224000 rw-p 00013000 08:02 28574712   /lib/i386-linux-gnu/libz.so.1.2.3.4
00240000-0031e000 r-xp 00000000 08:02 25695611   /usr/lib/i386-linux-gnu/libstdc++.so.6.0.16
0031e000-0031f000 ---p 000de000 08:02 25695611   /usr/lib/i386-linux-gnu/libstdc++.so.6.0.16
0031f000-00323000 r--p 000de000 08:02 25695611   /usr/lib/i386-linux-gnu/libstdc++.so.6.0.16
00323000-00324000 rw-p 000e2000 08:02 25695611   /usr/lib/i386-linux-gnu/libstdc++.so.6.0.16
00324000-0032b000 rw-p 00000000 00:00 0 
00568000-00590000 r-xp 00000000 08:02 28573849   /lib/i386-linux-gnu/libm-2.13.so
00590000-00591000 r--p 00028000 08:02 28573849   /lib/i386-linux-gnu/libm-2.13.so
00591000-00592000 rw-p 00029000 08:02 28573849   /lib/i386-linux-gnu/libm-2.13.so
00611000-0062f000 r-xp 00000000 08:02 28573842   /lib/i386-linux-gnu/ld-2.13.so
0062f000-00630000 r--p 0001d000 08:02 28573842   /lib/i386-linux-gnu/ld-2.13.so
00630000-00631000 rw-p 0001e000 08:02 28573842   /lib/i386-linux-gnu/ld-2.13.so
00648000-00653000 r-xp 00000000 08:02 28573854   /lib/i386-linux-gnu/libnss_files-2.13.so
00653000-00654000 r--p 0000a000 08:02 28573854   /lib/i386-linux-gnu/libnss_files-2.13.so
00654000-00655000 rw-p 0000b000 08:02 28573854   /lib/i386-linux-gnu/libnss_files-2.13.so
006a8000-006a9000 r-xp 00000000 00:00 0          [vdso]
006c8000-006cf000 r-xp 00000000 08:02 28577640   /lib/i386-linux-gnu/librt-2.13.so
006cf000-006d0000 r--p 00006000 08:02 28577640   /lib/i386-linux-gnu/librt-2.13.so
006d0000-006d1000 rw-p 00007000 08:02 28577640   /lib/i386-linux-gnu/librt-2.13.so
00728000-0073f000 r-xp 00000000 08:02 28574759   /lib/i386-linux-gnu/libpthread-2.13.so
0073f000-00740000 r--p 00016000 08:02 28574759   /lib/i386-linux-gnu/libpthread-2.13.so
00740000-00741000 rw-p 00017000 08:02 28574759   /lib/i386-linux-gnu/libpthread-2.13.so
00741000-00743000 rw-p 00000000 00:00 0 
00880000-009f8000 r-xp 00000000 08:02 28573845   /lib/i386-linux-gnu/libc-2.13.so
009f8000-009fa000 r--p 00178000 08:02 28573845   /lib/i386-linux-gnu/libc-2.13.so
009fa000-009fb000 rw-p 0017a000 08:02 28573845   /lib/i386-linux-gnu/libc-2.13.so
009fb000-009fe000 rw-p 00000000 00:00 0 
00a68000-00a70000 r-xp 00000000 08:02 28573852   /lib/i386-linux-gnu/libnss_compat-2.13.so
00a70000-00a71000 r--p 00007000 08:02 28573852   /lib/i386-linux-gnu/libnss_compat-2.13.so
00a71000-00a72000 rw-p 00008000 08:02 28573852   /lib/i386-linux-gnu/libnss_compat-2.13.so
00c94000-00cb0000 r-xp 00000000 08:02 28574650   /lib/i386-linux-gnu/libgcc_s.so.1
00cb0000-00cb1000 r--p 0001b000 08:02 28574650   /lib/i386-linux-gnu/libgcc_s.so.1
00cb1000-00cb2000 rw-p 0001c000 08:02 28574650   /lib/i386-linux-gnu/libgcc_s.so.1
00e7b000-00e7e000 r-xp 00000000 08:02 28573848   /lib/i386-linux-gnu/libdl-2.13.so
00e7e000-00e7f000 r--p 00002000 08:02 28573848   /lib/i386-linux-gnu/libdl-2.13.so
00e7f000-00e80000 rw-p 00003000 08:02 28573848   /lib/i386-linux-gnu/libdl-2.13.so
00e80000-0169e000 r-xp 00000000 08:02 25695520   /usr/lib/jvm/java-6-openjdk/jre/lib/i386/server/libjvm.so
0169e000-016e3000 r--p 0081e000 08:02 25695520   /usr/lib/jvm/java-6-openjdk/jre/lib/i386/server/libjvm.so
016e3000-016f2000 rw-p 00863000 08:02 25695520   /usr/lib/jvm/java-6-openjdk/jre/lib/i386/server/libjvm.so
016f2000-01b0c000 rw-p 00000000 00:00 0 
08048000-08051000 r-xp 00000000 08:02 25697513   /usr/lib/jvm/java-6-openjdk/jre/bin/java
08051000-08052000 r--p 00008000 08:02 25697513   /usr/lib/jvm/java-6-openjdk/jre/bin/java
08052000-08053000 rw-p 00009000 08:02 25697513   /usr/lib/jvm/java-6-openjdk/jre/bin/java
0858c000-08db7000 rw-p 00000000 00:00 0          [heap]
7c100000-7c200000 rw-p 00000000 00:00 0 
7c300000-7c3fa000 rw-p 00000000 00:00 0 
7c3fa000-7c400000 ---p 00000000 00:00 0 
7c4b4000-7c4b5000 ---p 00000000 00:00 0 
7c4b5000-7c535000 rw-p 00000000 00:00 0 
7c535000-7c538000 ---p 00000000 00:00 0 
7c538000-7c586000 rw-p 00000000 00:00 0 
7c586000-7c589000 ---p 00000000 00:00 0 
7c589000-7c607000 rw-p 00000000 00:00 0 
7c607000-7c60a000 ---p 00000000 00:00 0 
7c60a000-7c688000 rw-p 00000000 00:00 0 
7c688000-7c68b000 ---p 00000000 00:00 0 
7c68b000-7c6d9000 rw-p 00000000 00:00 0 
7c6d9000-7c6da000 r--p 0043a000 08:02 25696810   /usr/lib/locale/locale-archive
7c6da000-7c71a000 r--p 002bd000 08:02 25696810   /usr/lib/locale/locale-archive
7c71a000-7c91a000 r--p 00000000 08:02 25696810   /usr/lib/locale/locale-archive
7c91a000-7c91d000 ---p 00000000 00:00 0 
7c91d000-7c96b000 rw-p 00000000 00:00 0 
7c96b000-7c96e000 ---p 00000000 00:00 0 
7c96e000-7c9bc000 rw-p 00000000 00:00 0 
7c9bc000-7c9bd000 ---p 00000000 00:00 0 
7c9bd000-7ca70000 rw-p 00000000 00:00 0 
7ca70000-7cc00000 r--s 037ba000 08:02 25694492   /usr/lib/jvm/java-6-openjdk/jre/lib/rt.jar
7cc00000-7ccfb000 rw-p 00000000 00:00 0 
7ccfb000-7cd00000 ---p 00000000 00:00 0 
7cd05000-7cd06000 ---p 00000000 00:00 0 
7cd06000-7cd86000 rw-p 00000000 00:00 0 
7cd86000-7cd87000 ---p 00000000 00:00 0 
7cd87000-7ce07000 rw-p 00000000 00:00 0 
7ce07000-7ce08000 ---p 00000000 00:00 0 
7ce08000-7ce88000 rw-p 00000000 00:00 0 
7ce88000-7ce89000 ---p 00000000 00:00 0 
7ce89000-7cf11000 rw-p 00000000 00:00 0 
7cf11000-7cf49000 rw-p 00000000 00:00 0 
7cf49000-7cf59000 rw-p 00000000 00:00 0 
7cf59000-7d045000 rw-p 00000000 00:00 0 
7d045000-7d04d000 rw-p 00000000 00:00 0 
7d04d000-7d085000 rw-p 00000000 00:00 0 
7d085000-7d095000 rw-p 00000000 00:00 0 
7d095000-7d181000 rw-p 00000000 00:00 0 
7d181000-7d18f000 rw-p 00000000 00:00 0 
7d18f000-7d1ff000 rw-p 00000000 00:00 0 
7d1ff000-7e200000 rw-p 00000000 00:00 0 
7e200000-85200000 rw-p 00000000 00:00 0 
85200000-87180000 rw-p 00000000 00:00 0 
87180000-a4a00000 rw-p 00000000 00:00 0 
a4a00000-a6580000 rw-p 00000000 00:00 0 
a6580000-b4600000 rw-p 00000000 00:00 0 
b4603000-b460b000 r--s 00066000 08:02 26223259   /usr/share/java/gnome-java-bridge.jar
b460b000-b4614000 rw-p 00000000 00:00 0 
b4614000-b46cb000 rw-p 00000000 00:00 0 
b46cb000-b490b000 rwxp 00000000 00:00 0 
b490b000-b76cb000 rw-p 00000000 00:00 0 
b76cb000-b76ce000 ---p 00000000 00:00 0 
b76ce000-b771f000 rw-p 00000000 00:00 0 
b7722000-b7724000 r--s 0000f000 08:02 25694270   /usr/lib/jvm/java-6-openjdk/jre/lib/ext/pulse-java.jar
b7724000-b772c000 rw-s 00000000 08:02 2359357    /tmp/hsperfdata_samira/10735
b772c000-b772d000 rw-p 00000000 00:00 0 
b772d000-b772e000 ---p 00000000 00:00 0 
b772e000-b7730000 rw-p 00000000 00:00 0 
bfc4f000-bfc70000 rw-p 00000000 00:00 0          [stack]

VM Arguments:
jvm_args: -Dfile.encoding=UTF-8 
java_command: Main
Launcher Type: SUN_STANDARD

Environment Variables:
PATH=/usr/lib/lightdm/lightdm:/usr/local/sbin:/usr/local/bin:/usr/sbin:/usr/bin:/sbin:/bin:/usr/games
USERNAME=samira
LD_LIBRARY_PATH=/usr/lib/jvm/java-6-openjdk/jre/lib/i386/server:/usr/lib/jvm/java-6-openjdk/jre/lib/i386:/usr/lib/jvm/java-6-openjdk/jre/../lib/i386:/usr/lib/jvm/java-6-openjdk/jre/lib/i386/client:/usr/lib/jvm/java-6-openjdk/jre/lib/i386:
SHELL=/bin/bash
DISPLAY=:0

Signal Handlers:
SIGSEGV: [libjvm.so+0x66a530], sa_mask[0]=0x7ffbfeff, sa_flags=0x10000004
SIGBUS: [libjvm.so+0x66a530], sa_mask[0]=0x7ffbfeff, sa_flags=0x10000004
SIGFPE: [libjvm.so+0x52e2c0], sa_mask[0]=0x7ffbfeff, sa_flags=0x10000004
SIGPIPE: [libjvm.so+0x52e2c0], sa_mask[0]=0x7ffbfeff, sa_flags=0x10000004
SIGXFSZ: [libjvm.so+0x52e2c0], sa_mask[0]=0x7ffbfeff, sa_flags=0x10000004
SIGILL: [libjvm.so+0x52e2c0], sa_mask[0]=0x7ffbfeff, sa_flags=0x10000004
SIGUSR1: SIG_DFL, sa_mask[0]=0x00000000, sa_flags=0x00000000
SIGUSR2: [libjvm.so+0x52e150], sa_mask[0]=0x00000004, sa_flags=0x10000004
SIGHUP: [libjvm.so+0x5311f0], sa_mask[0]=0x7ffbfeff, sa_flags=0x10000004
SIGINT: [libjvm.so+0x5311f0], sa_mask[0]=0x7ffbfeff, sa_flags=0x10000004
SIGTERM: [libjvm.so+0x5311f0], sa_mask[0]=0x7ffbfeff, sa_flags=0x10000004
SIGQUIT: [libjvm.so+0x5311f0], sa_mask[0]=0x7ffbfeff, sa_flags=0x10000004


---------------  S Y S T E M  ---------------

OS:Ubuntu 11.10 (oneiric)
uname:Linux 3.0.0-17-generic #30-Ubuntu SMP Thu Mar 8 17:34:21 UTC 2012 i686
libc:glibc 2.13 NPTL 2.13 
rlimit: STACK 8192k, CORE 0k, NPROC 24023, NOFILE 4096, AS infinity
load average:3.84 0.99 0.50

/proc/meminfo:
MemTotal:        3089052 kB
MemFree:          232960 kB
Buffers:          119476 kB
Cached:          1015988 kB
SwapCached:        24728 kB
Active:          1894496 kB
Inactive:         832264 kB
Active(anon):    1538156 kB
Inactive(anon):   447816 kB
Active(file):     356340 kB
Inactive(file):   384448 kB
Unevictable:          16 kB
Mlocked:              16 kB
HighTotal:       2226888 kB
HighFree:          71396 kB
LowTotal:         862164 kB
LowFree:          161564 kB
SwapTotal:      19530748 kB
SwapFree:       19461032 kB
Dirty:               712 kB
Writeback:            16 kB
AnonPages:       1572448 kB
Mapped:           120164 kB
Shmem:            394656 kB
Slab:              78264 kB
SReclaimable:      63152 kB
SUnreclaim:        15112 kB
KernelStack:        3872 kB
PageTables:        11248 kB
NFS_Unstable:          0 kB
Bounce:                0 kB
WritebackTmp:          0 kB
CommitLimit:    21075272 kB
Committed_AS:    4521644 kB
VmallocTotal:     122880 kB
VmallocUsed:       30864 kB
VmallocChunk:      51816 kB
HardwareCorrupted:     0 kB
AnonHugePages:         0 kB
HugePages_Total:       0
HugePages_Free:        0
HugePages_Rsvd:        0
HugePages_Surp:        0
Hugepagesize:       4096 kB
DirectMap4k:       16376 kB
DirectMap4M:      892928 kB


CPU:total 4 (4 cores per cpu, 1 threads per core) family 6 model 15 stepping 11, cmov, cx8, fxsr, mmx, sse, sse2, sse3, ssse3

Memory: 4k page, physical 3089052k(232960k free), swap 19530748k(19461032k free)

vm_info: OpenJDK Server VM (20.0-b11) for linux-x86 JRE (1.6.0_23-b23), built on Feb 23 2012 06:26:43 by "buildd" with gcc 4.6.1

time: Wed Apr  4 19:45:33 2012
elapsed time: 22 seconds

